2017-05-03 13:01:35, DEBUG, Converted retries value: 1 -> Retry(total=1, connect=None, read=None, redirect=None)
2017-05-03 13:01:35, DEBUG, Converted retries value: 1 -> Retry(total=1, connect=None, read=None, redirect=None)
2017-05-03 13:01:35, DEBUG, Starting new HTTP connection (1): pubsub.pubnub.com
2017-05-03 13:01:37, DEBUG, http://pubsub.pubnub.com:80 "GET /subscribe/sub-c-d17a927c-e171-11e6-802a-02ee2ddab7fe/warehouse/0/0?pnsdk=PubNub-Python%2F3.8.3&uuid=36800af8-b10c-472f-9aba-da7465bbdcf5 HTTP/1.1" 200 24
2017-05-03 13:01:37, INFO, CONNECTED
2017-05-03 13:02:45, DEBUG, http://pubsub.pubnub.com:80 "GET /subscribe/sub-c-d17a927c-e171-11e6-802a-02ee2ddab7fe/warehouse/0/14938164960059851?pnsdk=PubNub-Python%2F3.8.3&uuid=36800af8-b10c-472f-9aba-da7465bbdcf5 HTTP/1.1" 200 72
2017-05-03 13:02:45, INFO, Request: {"chain_name": "chain1", "version": "1.1", "params": [""], "method": "getaddressesbyaccount", "id": 1}
2017-05-03 13:02:45, DEBUG, Starting new HTTP connection (1): localhost
2017-05-03 13:02:45, DEBUG, http://localhost:7180 "POST / HTTP/1.1" 200 74
2017-05-03 13:02:45, INFO, Response: {u'id': 1, u'result': [u'1Lkkj71RPgKYpS6UnfaZNmh3j8Zv9gZthphCqV'], u'error': None}
2017-05-03 13:02:45, INFO, Request: {"chain_name": "chain1", "version": "1.1", "params": ["1Lkkj71RPgKYpS6UnfaZNmh3j8Zv9gZthphCqV", {"open": true, "name": "warehousemoney"}, 1000, 1, 0, {"owner": "John-Distributor", "assetmetrics": "dollars"}], "method": "issue", "id": 2}
2017-05-03 13:02:45, DEBUG, Starting new HTTP connection (1): localhost
2017-05-03 13:02:45, DEBUG, http://localhost:7180 "POST / HTTP/1.1" 200 98
2017-05-03 13:02:45, INFO, Response: {u'id': 2, u'result': u'0dfff77d917ba19af0d7f12e26f133ede169d7bf2fc83224eae2904068919fbb', u'error': None}
2017-05-03 13:02:45, INFO, Request: {"chain_name": "chain1", "version": "1.1", "params": ["warehousemoney"], "method": "subscribe", "id": 3}
2017-05-03 13:02:45, DEBUG, Starting new HTTP connection (1): localhost
2017-05-03 13:02:45, DEBUG, http://localhost:7180 "POST / HTTP/1.1" 200 36
2017-05-03 13:02:45, INFO, Response: {u'id': 3, u'result': None, u'error': None}
2017-05-03 13:02:45, DEBUG, http://pubsub.pubnub.com:80 "GET /publish/pub-c-abde89c6-da51-4c04-8c2b-9c3984e1182d/sub-c-d17a927c-e171-11e6-802a-02ee2ddab7fe/0/UI/0/%7B%22node%22%3A%20%22warehouse%22%2C%20%22messagecode%22%3A%20%22issueasset%22%2C%20%22message%22%3A%20%7B%22op_return%22%3A%20%220dfff77d917ba19af0d7f12e26f133ede169d7bf2fc83224eae2904068919fbb%22%2C%20%22assetdescription%22%3A%20%7B%22assetname%22%3A%20%22warehousemoney%22%2C%20%22assetquantity%22%3A%201000%2C%20%22assetmetrics%22%3A%20%22dollars%22%2C%20%22assetowner%22%3A%20%22John-Distributor%22%7D%7D%2C%20%22messagetype%22%3A%20%22resp%22%7D?norep=false&pnsdk=PubNub-Python%2F3.8.3&store=1 HTTP/1.1" 200 30
2017-05-03 13:04:03, DEBUG, http://pubsub.pubnub.com:80 "GET /subscribe/sub-c-d17a927c-e171-11e6-802a-02ee2ddab7fe/warehouse/0/14938165642161789?pnsdk=PubNub-Python%2F3.8.3&uuid=36800af8-b10c-472f-9aba-da7465bbdcf5 HTTP/1.1" 200 533
2017-05-03 13:04:03, INFO, Request: {"chain_name": "chain1", "version": "1.1", "params": ["010000000177d96b3de127fa587e733a88d4eba99fea5130c2fdd11baa90605cabe714b3a8000000006b483045022100a0f8551be8cbb57dbc99239a1ed229348c99804a4c2021d669b57824129b6e130220755b5252cfe9321987d0b07c29579bb271c9522bf348995b09b95f88ffffb86083210276d54002ee45a031c2bac2eecf35d041b25aed5d4b2817485e12c6bf8ac1da9cffffffff0100000000000000003776a914bbb747cf3a72c5773f87f1e77397965cf5efd5c888ac1c73706b71ed33f1262ef1d7f09aa17b917df7ff0d14000000000000007500000000"], "method": "decoderawexchange", "id": 4}
2017-05-03 13:04:03, DEBUG, Starting new HTTP connection (1): localhost
2017-05-03 13:04:03, DEBUG, http://localhost:7180 "POST / HTTP/1.1" 200 323
2017-05-03 13:04:03, INFO, Response: {u'id': 4, u'result': {u'complete': False, u'offer': {u'amount': 0.0, u'assets': [{u'qty': 20.0, u'name': u'crop', u'assetref': u'26-266-10698'}]}, u'cancomplete': True, u'candisable': False, u'requiredfee': 0.0, u'ask': {u'amount': 0.0, u'assets': [{u'qty': 20.0, u'name': u'warehousemoney', u'assetref': u'27-266-65293'}]}}, u'error': None}
2017-05-03 13:04:03, INFO, Request: {"chain_name": "chain1", "version": "1.1", "params": [{"warehousemoney": 20}], "method": "preparelockunspent", "id": 5}
2017-05-03 13:04:03, DEBUG, Starting new HTTP connection (1): localhost
2017-05-03 13:04:03, DEBUG, http://localhost:7180 "POST / HTTP/1.1" 200 116
2017-05-03 13:04:03, INFO, Response: {u'id': 5, u'result': {u'vout': 0, u'txid': u'b217ecfc8299db1d998d683ac669c1e68f1ac5640c369188b562fbc35fb9676a'}, u'error': None}
2017-05-03 13:04:03, INFO, Request: {"chain_name": "chain1", "version": "1.1", "params": ["010000000177d96b3de127fa587e733a88d4eba99fea5130c2fdd11baa90605cabe714b3a8000000006b483045022100a0f8551be8cbb57dbc99239a1ed229348c99804a4c2021d669b57824129b6e130220755b5252cfe9321987d0b07c29579bb271c9522bf348995b09b95f88ffffb86083210276d54002ee45a031c2bac2eecf35d041b25aed5d4b2817485e12c6bf8ac1da9cffffffff0100000000000000003776a914bbb747cf3a72c5773f87f1e77397965cf5efd5c888ac1c73706b71ed33f1262ef1d7f09aa17b917df7ff0d14000000000000007500000000", "b217ecfc8299db1d998d683ac669c1e68f1ac5640c369188b562fbc35fb9676a", 0, {"crop": 20}], "method": "appendrawexchange", "id": 6}
2017-05-03 13:04:03, DEBUG, Starting new HTTP connection (1): localhost
2017-05-03 13:04:03, DEBUG, http://localhost:7180 "POST / HTTP/1.1" 200 924
2017-05-03 13:04:03, INFO, Response: {u'id': 6, u'result': {u'hex': u'010000000277d96b3de127fa587e733a88d4eba99fea5130c2fdd11baa90605cabe714b3a8000000006b483045022100a0f8551be8cbb57dbc99239a1ed229348c99804a4c2021d669b57824129b6e130220755b5252cfe9321987d0b07c29579bb271c9522bf348995b09b95f88ffffb86083210276d54002ee45a031c2bac2eecf35d041b25aed5d4b2817485e12c6bf8ac1da9cffffffff6a67b95fc3fb62b58891360c64c51a8fe6c169c63a688d991ddb9982fcec17b2000000006a473044022027c7c77fd79090cfb2bf1354644cd52970a9dbf6a27b55453d70cfed95730b2a02204e38d35cd480d364f03796b83c246c98c6409b2d53c89186177caa2985a51433832102661b9049d10b90ac61827511b354bc5ef3ff2a1ce268095c998960ce9dba0896ffffffff0200000000000000003776a914bbb747cf3a72c5773f87f1e77397965cf5efd5c888ac1c73706b71ed33f1262ef1d7f09aa17b917df7ff0d14000000000000007500000000000000003776a9149229429e01ec63a2bc3e4ea83a2fd940b39d289188ac1c73706b713e4b7ba919cf01cb2e1edd365f2329ca14000000000000007500000000', u'complete': True}, u'error': None}
2017-05-03 13:04:03, INFO, Request: {"chain_name": "chain1", "version": "1.1", "params": ["010000000277d96b3de127fa587e733a88d4eba99fea5130c2fdd11baa90605cabe714b3a8000000006b483045022100a0f8551be8cbb57dbc99239a1ed229348c99804a4c2021d669b57824129b6e130220755b5252cfe9321987d0b07c29579bb271c9522bf348995b09b95f88ffffb86083210276d54002ee45a031c2bac2eecf35d041b25aed5d4b2817485e12c6bf8ac1da9cffffffff6a67b95fc3fb62b58891360c64c51a8fe6c169c63a688d991ddb9982fcec17b2000000006a473044022027c7c77fd79090cfb2bf1354644cd52970a9dbf6a27b55453d70cfed95730b2a02204e38d35cd480d364f03796b83c246c98c6409b2d53c89186177caa2985a51433832102661b9049d10b90ac61827511b354bc5ef3ff2a1ce268095c998960ce9dba0896ffffffff0200000000000000003776a914bbb747cf3a72c5773f87f1e77397965cf5efd5c888ac1c73706b71ed33f1262ef1d7f09aa17b917df7ff0d14000000000000007500000000000000003776a9149229429e01ec63a2bc3e4ea83a2fd940b39d289188ac1c73706b713e4b7ba919cf01cb2e1edd365f2329ca14000000000000007500000000"], "method": "sendrawtransaction", "id": 7}
2017-05-03 13:04:03, DEBUG, Starting new HTTP connection (1): localhost
2017-05-03 13:04:03, DEBUG, http://localhost:7180 "POST / HTTP/1.1" 200 98
2017-05-03 13:04:03, INFO, Response: {u'id': 7, u'result': u'ccbd323624299ec60752dd44a78738e90c3131945f7a5684ef7696cdfa2a2201', u'error': None}
2017-05-03 13:04:03, DEBUG, http://pubsub.pubnub.com:80 "GET /publish/pub-c-abde89c6-da51-4c04-8c2b-9c3984e1182d/sub-c-d17a927c-e171-11e6-802a-02ee2ddab7fe/0/UI/0/%7B%22node%22%3A%20%22warehouse%22%2C%20%22messagecode%22%3A%20%22decodeexchange%22%2C%20%22message%22%3A%20%7B%22exchange_details%22%3A%20%7B%22complete%22%3A%20false%2C%20%22offer%22%3A%20%7B%22amount%22%3A%200.0%2C%20%22assets%22%3A%20%5B%7B%22qty%22%3A%2020.0%2C%20%22name%22%3A%20%22crop%22%2C%20%22assetref%22%3A%20%2226-266-10698%22%7D%5D%7D%2C%20%22cancomplete%22%3A%20true%2C%20%22candisable%22%3A%20false%2C%20%22requiredfee%22%3A%200.0%2C%20%22ask%22%3A%20%7B%22amount%22%3A%200.0%2C%20%22assets%22%3A%20%5B%7B%22qty%22%3A%2020.0%2C%20%22name%22%3A%20%22warehousemoney%22%2C%20%22assetref%22%3A%20%2227-266-65293%22%7D%5D%7D%7D%2C%20%22exchange_addedtochain%22%3A%20%22ccbd323624299ec60752dd44a78738e90c3131945f7a5684ef7696cdfa2a2201%22%7D%2C%20%22messagetype%22%3A%20%22resp%22%7D?norep=false&pnsdk=PubNub-Python%2F3.8.3&store=1 HTTP/1.1" 200 30
2017-05-03 13:04:29, DEBUG, http://pubsub.pubnub.com:80 "GET /subscribe/sub-c-d17a927c-e171-11e6-802a-02ee2ddab7fe/warehouse/0/14938166425187122?pnsdk=PubNub-Python%2F3.8.3&uuid=36800af8-b10c-472f-9aba-da7465bbdcf5 HTTP/1.1" 200 80
2017-05-03 13:04:29, INFO, Request: {"chain_name": "chain1", "version": "1.1", "params": [], "method": "gettotalbalances", "id": 8}
2017-05-03 13:04:29, DEBUG, Starting new HTTP connection (1): localhost
2017-05-03 13:04:29, DEBUG, http://localhost:7180 "POST / HTTP/1.1" 200 164
2017-05-03 13:04:29, INFO, Response: {u'id': 8, u'result': [{u'qty': 980.0, u'name': u'warehousemoney', u'assetref': u'27-266-65293'}, {u'qty': 20.0, u'name': u'crop', u'assetref': u'26-266-10698'}], u'error': None}
2017-05-03 13:04:29, INFO, Request: {"chain_name": "chain1", "version": "1.1", "params": ["warehousemoney", true], "method": "listassets", "id": 9}
2017-05-03 13:04:29, DEBUG, Starting new HTTP connection (1): localhost
2017-05-03 13:04:29, DEBUG, http://localhost:7180 "POST / HTTP/1.1" 200 617
2017-05-03 13:04:29, INFO, Response: {u'id': 9, u'result': [{u'issueraw': 1000, u'confirmed': 3, u'multiple': 1, u'name': u'warehousemoney', u'subscribed': True, u'assetref': u'27-266-65293', u'transactions': 3, u'synchronized': True, u'details': {u'owner': u'John-Distributor', u'assetmetrics': u'dollars'}, u'units': 1.0, u'issueqty': 1000.0, u'open': True, u'issues': [{u'raw': 1000, u'qty': 1000.0, u'issuers': [u'1Lkkj71RPgKYpS6UnfaZNmh3j8Zv9gZthphCqV'], u'details': {u'owner': u'John-Distributor', u'assetmetrics': u'dollars'}, u'txid': u'0dfff77d917ba19af0d7f12e26f133ede169d7bf2fc83224eae2904068919fbb'}], u'issuetxid': u'0dfff77d917ba19af0d7f12e26f133ede169d7bf2fc83224eae2904068919fbb'}], u'error': None}
2017-05-03 13:04:29, INFO, Request: {"chain_name": "chain1", "version": "1.1", "params": ["crop", true], "method": "listassets", "id": 10}
2017-05-03 13:04:29, DEBUG, Starting new HTTP connection (1): localhost
2017-05-03 13:04:29, DEBUG, http://localhost:7180 "POST / HTTP/1.1" 200 778
2017-05-03 13:04:29, INFO, Response: {u'id': 10, u'result': [{u'issueraw': 1000, u'multiple': 1, u'name': u'crop', u'subscribed': False, u'assetref': u'26-266-10698', u'details': {u'startdate': u'2017-03-01', u'enddate': u'2017-04-30', u'crophumidity': u'10', u'assetmetrics': u'kgs', u'croptemp': u'27', u'asset-departuredate': u'2017-05-05', u'owner': u'Mark-Farmer'}, u'units': 1.0, u'issueqty': 1000.0, u'open': True, u'issues': [{u'raw': 1000, u'qty': 1000.0, u'issuers': [u'1SNW3NheP6qvAawCcfBa7X4zAJjWgJjLSbJiV4'], u'details': {u'startdate': u'2017-03-01', u'enddate': u'2017-04-30', u'crophumidity': u'10', u'assetmetrics': u'kgs', u'croptemp': u'27', u'asset-departuredate': u'2017-05-05', u'owner': u'Mark-Farmer'}, u'txid': u'ca29235f36dd1e2ecb01cf19a97b4b3e26991cb6b885b6ff03e80c2867237ddc'}], u'issuetxid': u'ca29235f36dd1e2ecb01cf19a97b4b3e26991cb6b885b6ff03e80c2867237ddc'}], u'error': None}
2017-05-03 13:04:29, DEBUG, http://pubsub.pubnub.com:80 "GET /publish/pub-c-abde89c6-da51-4c04-8c2b-9c3984e1182d/sub-c-d17a927c-e171-11e6-802a-02ee2ddab7fe/0/UI/0/%7B%22node%22%3A%20%22warehouse%22%2C%20%22messagecode%22%3A%20%22updateassetbalance%22%2C%20%22message%22%3A%20%7B%22op_return%22%3A%20%5B%7B%22assetname%22%3A%20%22warehousemoney%22%2C%20%22assetquantity%22%3A%20980.0%2C%20%22assetmetrics%22%3A%20%22dollars%22%2C%20%22assetowner%22%3A%20%22John-Distributor%22%7D%2C%20%7B%22assetname%22%3A%20%22crop%22%2C%20%22assetquantity%22%3A%2020.0%2C%20%22assetmetrics%22%3A%20%22kgs%22%2C%20%22assetowner%22%3A%20%22Mark-Farmer%22%7D%5D%7D%2C%20%22messagetype%22%3A%20%22resp%22%7D?norep=false&pnsdk=PubNub-Python%2F3.8.3&store=1 HTTP/1.1" 200 30
2017-05-03 13:04:58, DEBUG, http://pubsub.pubnub.com:80 "GET /subscribe/sub-c-d17a927c-e171-11e6-802a-02ee2ddab7fe/warehouse/0/14938166696087243?pnsdk=PubNub-Python%2F3.8.3&uuid=36800af8-b10c-472f-9aba-da7465bbdcf5 HTTP/1.1" 200 74
2017-05-03 13:04:58, INFO, Request: {"chain_name": "chain1", "version": "1.1", "params": [], "method": "gettotalbalances", "id": 11}
2017-05-03 13:04:58, DEBUG, Starting new HTTP connection (1): localhost
2017-05-03 13:04:58, DEBUG, http://localhost:7180 "POST / HTTP/1.1" 200 165
2017-05-03 13:04:58, INFO, Response: {u'id': 11, u'result': [{u'qty': 980.0, u'name': u'warehousemoney', u'assetref': u'27-266-65293'}, {u'qty': 20.0, u'name': u'crop', u'assetref': u'26-266-10698'}], u'error': None}
2017-05-03 13:04:58, INFO, Request: {"chain_name": "chain1", "version": "1.1", "params": ["crop", true], "method": "listassets", "id": 12}
2017-05-03 13:04:58, DEBUG, Starting new HTTP connection (1): localhost
2017-05-03 13:04:58, DEBUG, http://localhost:7180 "POST / HTTP/1.1" 200 778
2017-05-03 13:04:58, INFO, Response: {u'id': 12, u'result': [{u'issueraw': 1000, u'multiple': 1, u'name': u'crop', u'subscribed': False, u'assetref': u'26-266-10698', u'details': {u'startdate': u'2017-03-01', u'enddate': u'2017-04-30', u'crophumidity': u'10', u'assetmetrics': u'kgs', u'croptemp': u'27', u'asset-departuredate': u'2017-05-05', u'owner': u'Mark-Farmer'}, u'units': 1.0, u'issueqty': 1000.0, u'open': True, u'issues': [{u'raw': 1000, u'qty': 1000.0, u'issuers': [u'1SNW3NheP6qvAawCcfBa7X4zAJjWgJjLSbJiV4'], u'details': {u'startdate': u'2017-03-01', u'enddate': u'2017-04-30', u'crophumidity': u'10', u'assetmetrics': u'kgs', u'croptemp': u'27', u'asset-departuredate': u'2017-05-05', u'owner': u'Mark-Farmer'}, u'txid': u'ca29235f36dd1e2ecb01cf19a97b4b3e26991cb6b885b6ff03e80c2867237ddc'}], u'issuetxid': u'ca29235f36dd1e2ecb01cf19a97b4b3e26991cb6b885b6ff03e80c2867237ddc'}], u'error': None}
2017-05-03 13:04:58, INFO, Request: {"chain_name": "chain1", "version": "1.1", "params": [""], "method": "getaddressesbyaccount", "id": 13}
2017-05-03 13:04:58, DEBUG, Starting new HTTP connection (1): localhost
2017-05-03 13:04:58, DEBUG, http://localhost:7180 "POST / HTTP/1.1" 200 75
2017-05-03 13:04:58, INFO, Response: {u'id': 13, u'result': [u'1Lkkj71RPgKYpS6UnfaZNmh3j8Zv9gZthphCqV'], u'error': None}
2017-05-03 13:04:58, INFO, Request: {"chain_name": "chain1", "version": "1.1", "params": ["1Lkkj71RPgKYpS6UnfaZNmh3j8Zv9gZthphCqV", {"open": true, "name": "warehouse-crop"}, 4, 1, 0, {"origin": "farmland", "asset-arrivaldate": "2017-05-07", "enddate": "2017-04-30", "crophumidity": "10", "assetstorageconditions": "Good", "startdate": "2017-03-01", "assetmetrics": "kgs", "croptemp": "27", "asset-departuredate": "2017-05-05", "owner": "Mark-Farmer"}], "method": "issue", "id": 14}
2017-05-03 13:04:58, DEBUG, Starting new HTTP connection (1): localhost
2017-05-03 13:04:58, DEBUG, http://localhost:7180 "POST / HTTP/1.1" 200 99
2017-05-03 13:04:58, INFO, Response: {u'id': 14, u'result': u'b35276de27e6a98dfa43219b4dd9051a3ad4f577ec8d042f1ed937acae90697b', u'error': None}
2017-05-03 13:04:58, INFO, Request: {"chain_name": "chain1", "version": "1.1", "params": ["warehouse-crop"], "method": "subscribe", "id": 15}
2017-05-03 13:04:58, DEBUG, Starting new HTTP connection (1): localhost
2017-05-03 13:04:58, DEBUG, http://localhost:7180 "POST / HTTP/1.1" 200 37
2017-05-03 13:04:58, INFO, Response: {u'id': 15, u'result': None, u'error': None}
2017-05-03 13:04:58, INFO, Request: {"chain_name": "chain1", "version": "1.1", "params": [], "method": "getinfo", "id": 16}
2017-05-03 13:04:58, DEBUG, Starting new HTTP connection (1): localhost
2017-05-03 13:04:58, DEBUG, http://localhost:7180 "POST / HTTP/1.1" 200 624
2017-05-03 13:04:58, INFO, Response: {u'id': 16, u'result': {u'setupblocks': 60, u'protocol': u'multichain', u'reindex': False, u'miningpaused': False, u'connections': 2, u'burnaddress': u'1XXXXXXXTJXXXXXXi7XXXXXXRXXXXXXXYqzvfH', u'incomingpaused': False, u'port': 7181, u'chainname': u'chain1', u'errors': u'', u'version': u'1.0 alpha 28', u'timeoffset': 0, u'keypoolsize': 2, u'blocks': 35, u'description': u'MultiChain chain1', u'nodeaddress': u'chain1@172.17.0.3:7181', u'walletversion': 60000, u'difficulty': 6e-08, u'proxy': u'', u'nodeversion': 10000128, u'paytxfee': 0.0, u'keypoololdest': 1493816205, u'walletdbversion': 2, u'testnet': False, u'protocolversion': 10007, u'balance': 0.0, u'relayfee': 0.0}, u'error': None}
2017-05-03 13:04:58, INFO, Request: {"chain_name": "chain1", "version": "1.1", "params": ["1XXXXXXXTJXXXXXXi7XXXXXXRXXXXXXXYqzvfH", "crop", 20.0], "method": "sendassettoaddress", "id": 17}
2017-05-03 13:04:58, DEBUG, Starting new HTTP connection (1): localhost
2017-05-03 13:04:58, DEBUG, http://localhost:7180 "POST / HTTP/1.1" 200 99
2017-05-03 13:04:58, INFO, Response: {u'id': 17, u'result': u'9af2311afd276756a482dc8ba307b16d8ed9da3bc550ec8cf37b529de5b20588', u'error': None}
2017-05-03 13:04:58, DEBUG, http://pubsub.pubnub.com:80 "GET /publish/pub-c-abde89c6-da51-4c04-8c2b-9c3984e1182d/sub-c-d17a927c-e171-11e6-802a-02ee2ddab7fe/0/UI/0/%7B%22node%22%3A%20%22warehouse%22%2C%20%22messagecode%22%3A%20%22issueasset%22%2C%20%22message%22%3A%20%7B%22op_return%22%3A%20%22b35276de27e6a98dfa43219b4dd9051a3ad4f577ec8d042f1ed937acae90697b%22%2C%20%22burnasset_op_return%22%3A%20%229af2311afd276756a482dc8ba307b16d8ed9da3bc550ec8cf37b529de5b20588%22%2C%20%22assetdescription%22%3A%20%7B%22assetname%22%3A%20%22warehouse-crop%22%2C%20%22assetquantity%22%3A%204%2C%20%22assetmetrics%22%3A%20%22dollars%22%2C%20%22assetowner%22%3A%20%22John-Distributor%22%7D%7D%2C%20%22messagetype%22%3A%20%22resp%22%7D?norep=false&pnsdk=PubNub-Python%2F3.8.3&store=1 HTTP/1.1" 200 30
2017-05-03 13:05:02, DEBUG, http://pubsub.pubnub.com:80 "GET /subscribe/sub-c-d17a927c-e171-11e6-802a-02ee2ddab7fe/warehouse/0/14938166979616798?pnsdk=PubNub-Python%2F3.8.3&uuid=36800af8-b10c-472f-9aba-da7465bbdcf5 HTTP/1.1" 200 80
2017-05-03 13:05:02, INFO, Request: {"chain_name": "chain1", "version": "1.1", "params": [], "method": "gettotalbalances", "id": 18}
2017-05-03 13:05:02, DEBUG, Starting new HTTP connection (1): localhost
2017-05-03 13:05:02, DEBUG, http://localhost:7180 "POST / HTTP/1.1" 200 164
2017-05-03 13:05:02, INFO, Response: {u'id': 18, u'result': [{u'qty': 980.0, u'name': u'warehousemoney', u'assetref': u'27-266-65293'}, {u'qty': 4.0, u'name': u'warehouse-crop', u'assetref': None}], u'error': None}
2017-05-03 13:05:02, INFO, Request: {"chain_name": "chain1", "version": "1.1", "params": ["warehousemoney", true], "method": "listassets", "id": 19}
2017-05-03 13:05:02, DEBUG, Starting new HTTP connection (1): localhost
2017-05-03 13:05:02, DEBUG, http://localhost:7180 "POST / HTTP/1.1" 200 618
2017-05-03 13:05:02, INFO, Response: {u'id': 19, u'result': [{u'issueraw': 1000, u'confirmed': 3, u'multiple': 1, u'name': u'warehousemoney', u'subscribed': True, u'assetref': u'27-266-65293', u'transactions': 3, u'synchronized': True, u'details': {u'owner': u'John-Distributor', u'assetmetrics': u'dollars'}, u'units': 1.0, u'issueqty': 1000.0, u'open': True, u'issues': [{u'raw': 1000, u'qty': 1000.0, u'issuers': [u'1Lkkj71RPgKYpS6UnfaZNmh3j8Zv9gZthphCqV'], u'details': {u'owner': u'John-Distributor', u'assetmetrics': u'dollars'}, u'txid': u'0dfff77d917ba19af0d7f12e26f133ede169d7bf2fc83224eae2904068919fbb'}], u'issuetxid': u'0dfff77d917ba19af0d7f12e26f133ede169d7bf2fc83224eae2904068919fbb'}], u'error': None}
2017-05-03 13:05:02, INFO, Request: {"chain_name": "chain1", "version": "1.1", "params": ["warehouse-crop", true], "method": "listassets", "id": 20}
2017-05-03 13:05:02, DEBUG, Starting new HTTP connection (1): localhost
2017-05-03 13:05:02, DEBUG, http://localhost:7180 "POST / HTTP/1.1" 200 986
2017-05-03 13:05:02, INFO, Response: {u'id': 20, u'result': [{u'issueraw': 4, u'confirmed': 0, u'multiple': 1, u'name': u'warehouse-crop', u'subscribed': True, u'assetref': None, u'transactions': 1, u'synchronized': True, u'details': {u'origin': u'farmland', u'asset-arrivaldate': u'2017-05-07', u'assetmetrics': u'kgs', u'enddate': u'2017-04-30', u'crophumidity': u'10', u'startdate': u'2017-03-01', u'assetstorageconditions': u'Good', u'croptemp': u'27', u'owner': u'Mark-Farmer', u'asset-departuredate': u'2017-05-05'}, u'units': 1.0, u'issueqty': 4.0, u'open': True, u'issues': [{u'raw': 4, u'qty': 4.0, u'issuers': [u'1Lkkj71RPgKYpS6UnfaZNmh3j8Zv9gZthphCqV'], u'details': {u'origin': u'farmland', u'asset-arrivaldate': u'2017-05-07', u'assetmetrics': u'kgs', u'enddate': u'2017-04-30', u'crophumidity': u'10', u'startdate': u'2017-03-01', u'assetstorageconditions': u'Good', u'croptemp': u'27', u'owner': u'Mark-Farmer', u'asset-departuredate': u'2017-05-05'}, u'txid': u'b35276de27e6a98dfa43219b4dd9051a3ad4f577ec8d042f1ed937acae90697b'}], u'issuetxid': u'b35276de27e6a98dfa43219b4dd9051a3ad4f577ec8d042f1ed937acae90697b'}], u'error': None}
2017-05-03 13:05:02, DEBUG, http://pubsub.pubnub.com:80 "GET /publish/pub-c-abde89c6-da51-4c04-8c2b-9c3984e1182d/sub-c-d17a927c-e171-11e6-802a-02ee2ddab7fe/0/UI/0/%7B%22node%22%3A%20%22warehouse%22%2C%20%22messagecode%22%3A%20%22updateassetbalance%22%2C%20%22message%22%3A%20%7B%22op_return%22%3A%20%5B%7B%22assetname%22%3A%20%22warehousemoney%22%2C%20%22assetquantity%22%3A%20980.0%2C%20%22assetmetrics%22%3A%20%22dollars%22%2C%20%22assetowner%22%3A%20%22John-Distributor%22%7D%2C%20%7B%22assetname%22%3A%20%22warehouse-crop%22%2C%20%22assetquantity%22%3A%204.0%2C%20%22assetmetrics%22%3A%20%22kgs%22%2C%20%22assetowner%22%3A%20%22Mark-Farmer%22%7D%5D%7D%2C%20%22messagetype%22%3A%20%22resp%22%7D?norep=false&pnsdk=PubNub-Python%2F3.8.3&store=1 HTTP/1.1" 200 30
2017-05-03 13:05:42, DEBUG, http://pubsub.pubnub.com:80 "GET /subscribe/sub-c-d17a927c-e171-11e6-802a-02ee2ddab7fe/warehouse/0/14938167009337422?pnsdk=PubNub-Python%2F3.8.3&uuid=36800af8-b10c-472f-9aba-da7465bbdcf5 HTTP/1.1" 200 80
2017-05-03 13:05:42, INFO, Request: {"chain_name": "chain1", "version": "1.1", "params": [], "method": "gettotalbalances", "id": 21}
2017-05-03 13:05:42, DEBUG, Starting new HTTP connection (1): localhost
2017-05-03 13:05:42, DEBUG, http://localhost:7180 "POST / HTTP/1.1" 200 174
2017-05-03 13:05:42, INFO, Response: {u'id': 21, u'result': [{u'qty': 980.0, u'name': u'warehousemoney', u'assetref': u'27-266-65293'}, {u'qty': 4.0, u'name': u'warehouse-crop', u'assetref': u'36-265-21171'}], u'error': None}
2017-05-03 13:05:42, INFO, Request: {"chain_name": "chain1", "version": "1.1", "params": ["warehousemoney", true], "method": "listassets", "id": 22}
2017-05-03 13:05:42, DEBUG, Starting new HTTP connection (1): localhost
2017-05-03 13:05:42, DEBUG, http://localhost:7180 "POST / HTTP/1.1" 200 618
2017-05-03 13:05:42, INFO, Response: {u'id': 22, u'result': [{u'issueraw': 1000, u'confirmed': 3, u'multiple': 1, u'name': u'warehousemoney', u'subscribed': True, u'assetref': u'27-266-65293', u'transactions': 3, u'synchronized': True, u'details': {u'owner': u'John-Distributor', u'assetmetrics': u'dollars'}, u'units': 1.0, u'issueqty': 1000.0, u'open': True, u'issues': [{u'raw': 1000, u'qty': 1000.0, u'issuers': [u'1Lkkj71RPgKYpS6UnfaZNmh3j8Zv9gZthphCqV'], u'details': {u'owner': u'John-Distributor', u'assetmetrics': u'dollars'}, u'txid': u'0dfff77d917ba19af0d7f12e26f133ede169d7bf2fc83224eae2904068919fbb'}], u'issuetxid': u'0dfff77d917ba19af0d7f12e26f133ede169d7bf2fc83224eae2904068919fbb'}], u'error': None}
2017-05-03 13:05:42, INFO, Request: {"chain_name": "chain1", "version": "1.1", "params": ["warehouse-crop", true], "method": "listassets", "id": 23}
2017-05-03 13:05:42, DEBUG, Starting new HTTP connection (1): localhost
2017-05-03 13:05:42, DEBUG, http://localhost:7180 "POST / HTTP/1.1" 200 996
2017-05-03 13:05:42, INFO, Response: {u'id': 23, u'result': [{u'issueraw': 4, u'confirmed': 1, u'multiple': 1, u'name': u'warehouse-crop', u'subscribed': True, u'assetref': u'36-265-21171', u'transactions': 1, u'synchronized': True, u'details': {u'origin': u'farmland', u'asset-arrivaldate': u'2017-05-07', u'assetmetrics': u'kgs', u'enddate': u'2017-04-30', u'crophumidity': u'10', u'startdate': u'2017-03-01', u'assetstorageconditions': u'Good', u'croptemp': u'27', u'owner': u'Mark-Farmer', u'asset-departuredate': u'2017-05-05'}, u'units': 1.0, u'issueqty': 4.0, u'open': True, u'issues': [{u'raw': 4, u'qty': 4.0, u'issuers': [u'1Lkkj71RPgKYpS6UnfaZNmh3j8Zv9gZthphCqV'], u'details': {u'origin': u'farmland', u'asset-arrivaldate': u'2017-05-07', u'assetmetrics': u'kgs', u'enddate': u'2017-04-30', u'crophumidity': u'10', u'startdate': u'2017-03-01', u'assetstorageconditions': u'Good', u'croptemp': u'27', u'owner': u'Mark-Farmer', u'asset-departuredate': u'2017-05-05'}, u'txid': u'b35276de27e6a98dfa43219b4dd9051a3ad4f577ec8d042f1ed937acae90697b'}], u'issuetxid': u'b35276de27e6a98dfa43219b4dd9051a3ad4f577ec8d042f1ed937acae90697b'}], u'error': None}
2017-05-03 13:05:42, DEBUG, http://pubsub.pubnub.com:80 "GET /publish/pub-c-abde89c6-da51-4c04-8c2b-9c3984e1182d/sub-c-d17a927c-e171-11e6-802a-02ee2ddab7fe/0/UI/0/%7B%22node%22%3A%20%22warehouse%22%2C%20%22messagecode%22%3A%20%22updateassetbalance%22%2C%20%22message%22%3A%20%7B%22op_return%22%3A%20%5B%7B%22assetname%22%3A%20%22warehousemoney%22%2C%20%22assetquantity%22%3A%20980.0%2C%20%22assetmetrics%22%3A%20%22dollars%22%2C%20%22assetowner%22%3A%20%22John-Distributor%22%7D%2C%20%7B%22assetname%22%3A%20%22warehouse-crop%22%2C%20%22assetquantity%22%3A%204.0%2C%20%22assetmetrics%22%3A%20%22kgs%22%2C%20%22assetowner%22%3A%20%22Mark-Farmer%22%7D%5D%7D%2C%20%22messagetype%22%3A%20%22resp%22%7D?norep=false&pnsdk=PubNub-Python%2F3.8.3&store=1 HTTP/1.1" 200 30
2017-05-03 13:05:49, DEBUG, http://pubsub.pubnub.com:80 "GET /subscribe/sub-c-d17a927c-e171-11e6-802a-02ee2ddab7fe/warehouse/0/14938167421392389?pnsdk=PubNub-Python%2F3.8.3&uuid=36800af8-b10c-472f-9aba-da7465bbdcf5 HTTP/1.1" 200 76
2017-05-03 13:05:49, INFO, Request: {"chain_name": "chain1", "version": "1.1", "params": [{"warehouse-crop": 4}], "method": "preparelockunspent", "id": 24}
2017-05-03 13:05:49, DEBUG, Starting new HTTP connection (1): localhost
2017-05-03 13:05:49, DEBUG, http://localhost:7180 "POST / HTTP/1.1" 200 117
2017-05-03 13:05:49, INFO, Response: {u'id': 24, u'result': {u'vout': 0, u'txid': u'f4fc17872e3437293151171601e795941a78ce71baed489356f50764b0075952'}, u'error': None}
2017-05-03 13:05:49, INFO, Request: {"chain_name": "chain1", "version": "1.1", "params": ["f4fc17872e3437293151171601e795941a78ce71baed489356f50764b0075952", 0, {"retailmoney": 50}], "method": "createrawexchange", "id": 25}
2017-05-03 13:05:49, DEBUG, Starting new HTTP connection (1): localhost
2017-05-03 13:05:49, DEBUG, http://localhost:7180 "POST / HTTP/1.1" 200 477
2017-05-03 13:05:49, INFO, Response: {u'id': 25, u'result': u'0100000001525907b06407f5569348edba71ce781a9495e701161751312937342e8717fcf4000000006a47304402206cc70ce44cb518034869b6f3597116611b97f8aa905748c2f2a556af1d4d056502206cf7491686cd06c9e95a0d4130346c86b88869d5de502c02a1ef7c9993b569f8832102661b9049d10b90ac61827511b354bc5ef3ff2a1ce268095c998960ce9dba0896ffffffff0100000000000000003776a9149229429e01ec63a2bc3e4ea83a2fd940b39d289188ac1c73706b71b40f96964cf1442141727346f1bc7e6a32000000000000007500000000', u'error': None}
2017-05-03 13:05:49, DEBUG, http://pubsub.pubnub.com:80 "GET /publish/pub-c-abde89c6-da51-4c04-8c2b-9c3984e1182d/sub-c-d17a927c-e171-11e6-802a-02ee2ddab7fe/0/UI/0/%7B%22node%22%3A%20%22warehouse%22%2C%20%22messagecode%22%3A%20%22createexchange%22%2C%20%22message%22%3A%20%7B%22hexblob%22%3A%20%220100000001525907b06407f5569348edba71ce781a9495e701161751312937342e8717fcf4000000006a47304402206cc70ce44cb518034869b6f3597116611b97f8aa905748c2f2a556af1d4d056502206cf7491686cd06c9e95a0d4130346c86b88869d5de502c02a1ef7c9993b569f8832102661b9049d10b90ac61827511b354bc5ef3ff2a1ce268095c998960ce9dba0896ffffffff0100000000000000003776a9149229429e01ec63a2bc3e4ea83a2fd940b39d289188ac1c73706b71b40f96964cf1442141727346f1bc7e6a32000000000000007500000000%22%2C%20%22op_return%22%3A%20%220100000001525907b06407f5569348edba71ce781a9495e701161751312937342e8717fcf4000000006a47304402206cc70ce44cb518034869b6f3597116611b97f8aa905748c2f2a556af1d4d056502206cf7491686cd06c9e95a0d4130346c86b88869d5de502c02a1ef7c9993b569f8832102661b9049d10b90ac61827511b354bc5ef3ff2a1ce268095c998960ce9dba0896ffffffff0100000000000000003776a9149229429e01ec63a2bc3e4ea83a2fd940b39d289188ac1c73706b71b40f96964cf1442141727346f1bc7e6a32000000000000007500000000%22%7D%2C%20%22messagetype%22%3A%20%22resp%22%7D?norep=false&pnsdk=PubNub-Python%2F3.8.3&store=1 HTTP/1.1" 200 30
2017-05-03 13:06:08, DEBUG, http://pubsub.pubnub.com:80 "GET /subscribe/sub-c-d17a927c-e171-11e6-802a-02ee2ddab7fe/warehouse/0/14938167487553592?pnsdk=PubNub-Python%2F3.8.3&uuid=36800af8-b10c-472f-9aba-da7465bbdcf5 HTTP/1.1" 200 80
2017-05-03 13:06:08, INFO, Request: {"chain_name": "chain1", "version": "1.1", "params": [], "method": "gettotalbalances", "id": 26}
2017-05-03 13:06:08, DEBUG, Starting new HTTP connection (1): localhost
2017-05-03 13:06:08, DEBUG, http://localhost:7180 "POST / HTTP/1.1" 200 172
2017-05-03 13:06:08, INFO, Response: {u'id': 26, u'result': [{u'qty': 50.0, u'name': u'retailmoney', u'assetref': u'28-265-32362'}, {u'qty': 980.0, u'name': u'warehousemoney', u'assetref': u'27-266-65293'}], u'error': None}
2017-05-03 13:06:08, INFO, Request: {"chain_name": "chain1", "version": "1.1", "params": ["retailmoney", true], "method": "listassets", "id": 27}
2017-05-03 13:06:08, DEBUG, Starting new HTTP connection (1): localhost
2017-05-03 13:06:08, DEBUG, http://localhost:7180 "POST / HTTP/1.1" 200 561
2017-05-03 13:06:08, INFO, Response: {u'id': 27, u'result': [{u'issueraw': 1000, u'multiple': 1, u'name': u'retailmoney', u'subscribed': False, u'assetref': u'28-265-32362', u'details': {u'owner': u'Peter-Retailer', u'assetmetrics': u'dollars'}, u'units': 1.0, u'issueqty': 1000.0, u'open': True, u'issues': [{u'raw': 1000, u'qty': 1000.0, u'issuers': [u'19SKf9uu6yzrpa3EqfWQEU54BQ5Sz8QLHBUvZX'], u'details': {u'owner': u'Peter-Retailer', u'assetmetrics': u'dollars'}, u'txid': u'6a7ebcf1467372412144f14c96960fb4124ddcf1c7dc8ca8e1e519c12a870456'}], u'issuetxid': u'6a7ebcf1467372412144f14c96960fb4124ddcf1c7dc8ca8e1e519c12a870456'}], u'error': None}
2017-05-03 13:06:08, INFO, Request: {"chain_name": "chain1", "version": "1.1", "params": ["warehousemoney", true], "method": "listassets", "id": 28}
2017-05-03 13:06:08, DEBUG, Starting new HTTP connection (1): localhost
2017-05-03 13:06:08, DEBUG, http://localhost:7180 "POST / HTTP/1.1" 200 618
2017-05-03 13:06:08, INFO, Response: {u'id': 28, u'result': [{u'issueraw': 1000, u'confirmed': 3, u'multiple': 1, u'name': u'warehousemoney', u'subscribed': True, u'assetref': u'27-266-65293', u'transactions': 3, u'synchronized': True, u'details': {u'owner': u'John-Distributor', u'assetmetrics': u'dollars'}, u'units': 1.0, u'issueqty': 1000.0, u'open': True, u'issues': [{u'raw': 1000, u'qty': 1000.0, u'issuers': [u'1Lkkj71RPgKYpS6UnfaZNmh3j8Zv9gZthphCqV'], u'details': {u'owner': u'John-Distributor', u'assetmetrics': u'dollars'}, u'txid': u'0dfff77d917ba19af0d7f12e26f133ede169d7bf2fc83224eae2904068919fbb'}], u'issuetxid': u'0dfff77d917ba19af0d7f12e26f133ede169d7bf2fc83224eae2904068919fbb'}], u'error': None}
2017-05-03 13:06:08, DEBUG, http://pubsub.pubnub.com:80 "GET /publish/pub-c-abde89c6-da51-4c04-8c2b-9c3984e1182d/sub-c-d17a927c-e171-11e6-802a-02ee2ddab7fe/0/UI/0/%7B%22node%22%3A%20%22warehouse%22%2C%20%22messagecode%22%3A%20%22updateassetbalance%22%2C%20%22message%22%3A%20%7B%22op_return%22%3A%20%5B%7B%22assetname%22%3A%20%22retailmoney%22%2C%20%22assetquantity%22%3A%2050.0%2C%20%22assetmetrics%22%3A%20%22dollars%22%2C%20%22assetowner%22%3A%20%22Peter-Retailer%22%7D%2C%20%7B%22assetname%22%3A%20%22warehousemoney%22%2C%20%22assetquantity%22%3A%20980.0%2C%20%22assetmetrics%22%3A%20%22dollars%22%2C%20%22assetowner%22%3A%20%22John-Distributor%22%7D%5D%7D%2C%20%22messagetype%22%3A%20%22resp%22%7D?norep=false&pnsdk=PubNub-Python%2F3.8.3&store=1 HTTP/1.1" 200 30
2017-05-03 13:06:16, DEBUG, http://pubsub.pubnub.com:80 "GET /subscribe/sub-c-d17a927c-e171-11e6-802a-02ee2ddab7fe/warehouse/0/14938167676479806?pnsdk=PubNub-Python%2F3.8.3&uuid=36800af8-b10c-472f-9aba-da7465bbdcf5 HTTP/1.1" 200 24
2017-05-03 13:10:57, DEBUG, http://pubsub.pubnub.com:80 "GET /subscribe/sub-c-d17a927c-e171-11e6-802a-02ee2ddab7fe/warehouse/0/14938167676479806?pnsdk=PubNub-Python%2F3.8.3&uuid=36800af8-b10c-472f-9aba-da7465bbdcf5 HTTP/1.1" 200 24
2017-05-03 13:15:37, DEBUG, http://pubsub.pubnub.com:80 "GET /subscribe/sub-c-d17a927c-e171-11e6-802a-02ee2ddab7fe/warehouse/0/14938167676479806?pnsdk=PubNub-Python%2F3.8.3&uuid=36800af8-b10c-472f-9aba-da7465bbdcf5 HTTP/1.1" 200 24
