2017-05-01 16:39:18, DEBUG, Converted retries value: 1 -> Retry(total=1, connect=None, read=None, redirect=None)
2017-05-01 16:39:18, DEBUG, Converted retries value: 1 -> Retry(total=1, connect=None, read=None, redirect=None)
2017-05-01 16:39:18, DEBUG, Starting new HTTP connection (1): pubsub.pubnub.com
2017-05-01 16:39:19, DEBUG, http://pubsub.pubnub.com:80 "GET /subscribe/sub-c-d17a927c-e171-11e6-802a-02ee2ddab7fe/UI/0/0?pnsdk=PubNub-Python%2F3.8.3&uuid=bc316c61-434b-4f3c-ae0b-99c0041ea695 HTTP/1.1" 200 24
2017-05-01 16:39:19, INFO, CONNECTED
2017-05-01 16:39:52, DEBUG, Converted retries value: 1 -> Retry(total=1, connect=None, read=None, redirect=None)
2017-05-01 16:39:52, DEBUG, Converted retries value: 1 -> Retry(total=1, connect=None, read=None, redirect=None)
2017-05-01 16:39:52, DEBUG, Starting new HTTP connection (1): pubsub.pubnub.com
2017-05-01 16:39:53, DEBUG, http://pubsub.pubnub.com:80 "GET /subscribe/sub-c-d17a927c-e171-11e6-802a-02ee2ddab7fe/UI/0/0?pnsdk=PubNub-Python%2F3.8.3&uuid=29972f74-6200-4d5a-a43f-e594c901de85 HTTP/1.1" 200 24
2017-05-01 16:39:53, INFO, CONNECTED
2017-05-01 16:40:00, DEBUG, Starting new HTTP connection (2): pubsub.pubnub.com
2017-05-01 16:40:01, DEBUG, http://pubsub.pubnub.com:80 "GET /publish/pub-c-abde89c6-da51-4c04-8c2b-9c3984e1182d/sub-c-d17a927c-e171-11e6-802a-02ee2ddab7fe/0/farmland/0/%7B%22messagecode%22%3A%20%22assetbalance%22%2C%20%22messagetype%22%3A%20%22req%22%7D?norep=false&pnsdk=PubNub-Python%2F3.8.3&store=1 HTTP/1.1" 200 30
2017-05-01 16:40:12, DEBUG, http://pubsub.pubnub.com:80 "GET /publish/pub-c-abde89c6-da51-4c04-8c2b-9c3984e1182d/sub-c-d17a927c-e171-11e6-802a-02ee2ddab7fe/0/farmland/0/%7B%22messagecode%22%3A%20%22issueasset%22%2C%20%22messagetype%22%3A%20%22req%22%7D?norep=false&pnsdk=PubNub-Python%2F3.8.3&store=1 HTTP/1.1" 200 30
2017-05-01 16:40:59, DEBUG, http://pubsub.pubnub.com:80 "GET /publish/pub-c-abde89c6-da51-4c04-8c2b-9c3984e1182d/sub-c-d17a927c-e171-11e6-802a-02ee2ddab7fe/0/farmland/0/%7B%22messagecode%22%3A%20%22issueasset%22%2C%20%22messagetype%22%3A%20%22req%22%7D?norep=false&pnsdk=PubNub-Python%2F3.8.3&store=1 HTTP/1.1" 200 30
2017-05-01 16:40:59, DEBUG, http://pubsub.pubnub.com:80 "GET /subscribe/sub-c-d17a927c-e171-11e6-802a-02ee2ddab7fe/UI/0/14936369925709070?pnsdk=PubNub-Python%2F3.8.3&uuid=29972f74-6200-4d5a-a43f-e594c901de85 HTTP/1.1" 200 197
2017-05-01 16:41:19, DEBUG, http://pubsub.pubnub.com:80 "GET /publish/pub-c-abde89c6-da51-4c04-8c2b-9c3984e1182d/sub-c-d17a927c-e171-11e6-802a-02ee2ddab7fe/0/farmland/0/%7B%22messagecode%22%3A%20%22assetbalance%22%2C%20%22messagetype%22%3A%20%22req%22%7D?norep=false&pnsdk=PubNub-Python%2F3.8.3&store=1 HTTP/1.1" 200 30
2017-05-01 16:41:52, DEBUG, http://pubsub.pubnub.com:80 "GET /subscribe/sub-c-d17a927c-e171-11e6-802a-02ee2ddab7fe/UI/0/14936370594530000?pnsdk=PubNub-Python%2F3.8.3&uuid=29972f74-6200-4d5a-a43f-e594c901de85 HTTP/1.1" 200 24
2017-05-01 16:42:06, DEBUG, http://pubsub.pubnub.com:80 "GET /subscribe/sub-c-d17a927c-e171-11e6-802a-02ee2ddab7fe/UI/0/14936370594530000?pnsdk=PubNub-Python%2F3.8.3&uuid=29972f74-6200-4d5a-a43f-e594c901de85 HTTP/1.1" 200 72
2017-05-01 16:42:21, DEBUG, http://pubsub.pubnub.com:80 "GET /subscribe/sub-c-d17a927c-e171-11e6-802a-02ee2ddab7fe/UI/0/14936371261204839?pnsdk=PubNub-Python%2F3.8.3&uuid=29972f74-6200-4d5a-a43f-e594c901de85 HTTP/1.1" 200 72
2017-05-01 16:42:46, DEBUG, http://pubsub.pubnub.com:80 "GET /publish/pub-c-abde89c6-da51-4c04-8c2b-9c3984e1182d/sub-c-d17a927c-e171-11e6-802a-02ee2ddab7fe/0/farmland/0/%7B%22messagecode%22%3A%20%22issueasset%22%2C%20%22messagetype%22%3A%20%22req%22%7D?norep=false&pnsdk=PubNub-Python%2F3.8.3&store=1 HTTP/1.1" 200 30
2017-05-01 16:42:46, DEBUG, http://pubsub.pubnub.com:80 "GET /subscribe/sub-c-d17a927c-e171-11e6-802a-02ee2ddab7fe/UI/0/14936371413191956?pnsdk=PubNub-Python%2F3.8.3&uuid=29972f74-6200-4d5a-a43f-e594c901de85 HTTP/1.1" 200 197
2017-05-01 16:42:55, DEBUG, http://pubsub.pubnub.com:80 "GET /subscribe/sub-c-d17a927c-e171-11e6-802a-02ee2ddab7fe/UI/0/14936371664509886?pnsdk=PubNub-Python%2F3.8.3&uuid=29972f74-6200-4d5a-a43f-e594c901de85 HTTP/1.1" 200 72
2017-05-01 16:43:39, DEBUG, http://pubsub.pubnub.com:80 "GET /subscribe/sub-c-d17a927c-e171-11e6-802a-02ee2ddab7fe/UI/0/14936371748692004?pnsdk=PubNub-Python%2F3.8.3&uuid=29972f74-6200-4d5a-a43f-e594c901de85 HTTP/1.1" 200 72
2017-05-01 16:43:40, DEBUG, http://pubsub.pubnub.com:80 "GET /subscribe/sub-c-d17a927c-e171-11e6-802a-02ee2ddab7fe/UI/0/14936372180311748?pnsdk=PubNub-Python%2F3.8.3&uuid=29972f74-6200-4d5a-a43f-e594c901de85 HTTP/1.1" 200 72
2017-05-01 16:46:32, DEBUG, http://pubsub.pubnub.com:80 "GET /subscribe/sub-c-d17a927c-e171-11e6-802a-02ee2ddab7fe/UI/0/14936372204876409?pnsdk=PubNub-Python%2F3.8.3&uuid=29972f74-6200-4d5a-a43f-e594c901de85 HTTP/1.1" 200 24
2017-05-01 16:47:08, DEBUG, http://pubsub.pubnub.com:80 "GET /publish/pub-c-abde89c6-da51-4c04-8c2b-9c3984e1182d/sub-c-d17a927c-e171-11e6-802a-02ee2ddab7fe/0/farmland/0/%7B%22messagecode%22%3A%20%22issueasset%22%2C%20%22messagetype%22%3A%20%22req%22%7D?norep=false&pnsdk=PubNub-Python%2F3.8.3&store=1 HTTP/1.1" 200 30
2017-05-01 16:47:08, DEBUG, http://pubsub.pubnub.com:80 "GET /subscribe/sub-c-d17a927c-e171-11e6-802a-02ee2ddab7fe/UI/0/14936372204876409?pnsdk=PubNub-Python%2F3.8.3&uuid=29972f74-6200-4d5a-a43f-e594c901de85 HTTP/1.1" 200 197
2017-05-01 16:51:13, DEBUG, http://pubsub.pubnub.com:80 "GET /subscribe/sub-c-d17a927c-e171-11e6-802a-02ee2ddab7fe/UI/0/14936374284261506?pnsdk=PubNub-Python%2F3.8.3&uuid=29972f74-6200-4d5a-a43f-e594c901de85 HTTP/1.1" 200 24
2017-05-01 16:52:00, DEBUG, http://pubsub.pubnub.com:80 "GET /publish/pub-c-abde89c6-da51-4c04-8c2b-9c3984e1182d/sub-c-d17a927c-e171-11e6-802a-02ee2ddab7fe/0/farmland/0/%7B%22messagecode%22%3A%20%22issueasset%22%2C%20%22messagetype%22%3A%20%22req%22%7D?norep=false&pnsdk=PubNub-Python%2F3.8.3&store=1 HTTP/1.1" 200 30
2017-05-01 16:52:00, DEBUG, http://pubsub.pubnub.com:80 "GET /subscribe/sub-c-d17a927c-e171-11e6-802a-02ee2ddab7fe/UI/0/14936374284261506?pnsdk=PubNub-Python%2F3.8.3&uuid=29972f74-6200-4d5a-a43f-e594c901de85 HTTP/1.1" 200 258
2017-05-01 16:52:10, DEBUG, http://pubsub.pubnub.com:80 "GET /publish/pub-c-abde89c6-da51-4c04-8c2b-9c3984e1182d/sub-c-d17a927c-e171-11e6-802a-02ee2ddab7fe/0/farmland/0/%7B%22messagecode%22%3A%20%22assetbalance%22%2C%20%22messagetype%22%3A%20%22req%22%7D?norep=false&pnsdk=PubNub-Python%2F3.8.3&store=1 HTTP/1.1" 200 30
2017-05-01 17:29:03, DEBUG, Converted retries value: 1 -> Retry(total=1, connect=None, read=None, redirect=None)
2017-05-01 17:29:03, DEBUG, Converted retries value: 1 -> Retry(total=1, connect=None, read=None, redirect=None)
2017-05-01 17:29:03, DEBUG, Starting new HTTP connection (1): pubsub.pubnub.com
2017-05-01 17:29:04, DEBUG, http://pubsub.pubnub.com:80 "GET /subscribe/sub-c-d17a927c-e171-11e6-802a-02ee2ddab7fe/UI/0/0?pnsdk=PubNub-Python%2F3.8.3&uuid=70ebd1e0-1bc8-42db-b15d-8e44ba8f30bc HTTP/1.1" 200 24
2017-05-01 17:29:04, INFO, CONNECTED
2017-05-01 17:29:06, DEBUG, Starting new HTTP connection (2): pubsub.pubnub.com
2017-05-01 17:29:08, DEBUG, http://pubsub.pubnub.com:80 "GET /publish/pub-c-abde89c6-da51-4c04-8c2b-9c3984e1182d/sub-c-d17a927c-e171-11e6-802a-02ee2ddab7fe/0/farmland/0/%7B%22messagecode%22%3A%20%22assetbalance%22%2C%20%22messagetype%22%3A%20%22req%22%7D?norep=false&pnsdk=PubNub-Python%2F3.8.3&store=1 HTTP/1.1" 200 30
2017-05-01 17:29:21, DEBUG, http://pubsub.pubnub.com:80 "GET /publish/pub-c-abde89c6-da51-4c04-8c2b-9c3984e1182d/sub-c-d17a927c-e171-11e6-802a-02ee2ddab7fe/0/warehouse/0/%7B%22messagecode%22%3A%20%22assetbalance%22%2C%20%22messagetype%22%3A%20%22req%22%7D?norep=false&pnsdk=PubNub-Python%2F3.8.3&store=1 HTTP/1.1" 200 30
2017-05-01 17:30:04, DEBUG, Converted retries value: 1 -> Retry(total=1, connect=None, read=None, redirect=None)
2017-05-01 17:30:04, DEBUG, Converted retries value: 1 -> Retry(total=1, connect=None, read=None, redirect=None)
2017-05-01 17:30:04, DEBUG, Starting new HTTP connection (1): pubsub.pubnub.com
2017-05-01 17:30:05, DEBUG, http://pubsub.pubnub.com:80 "GET /subscribe/sub-c-d17a927c-e171-11e6-802a-02ee2ddab7fe/UI/0/0?pnsdk=PubNub-Python%2F3.8.3&uuid=bbb7dc40-933a-4473-ac67-422b497e13a6 HTTP/1.1" 200 24
2017-05-01 17:30:05, INFO, CONNECTED
2017-05-01 17:30:06, DEBUG, Starting new HTTP connection (2): pubsub.pubnub.com
2017-05-01 17:30:06, DEBUG, http://pubsub.pubnub.com:80 "GET /publish/pub-c-abde89c6-da51-4c04-8c2b-9c3984e1182d/sub-c-d17a927c-e171-11e6-802a-02ee2ddab7fe/0/retailstore/0/%7B%22messagecode%22%3A%20%22assetbalance%22%2C%20%22messagetype%22%3A%20%22req%22%7D?norep=false&pnsdk=PubNub-Python%2F3.8.3&store=1 HTTP/1.1" 200 30
2017-05-01 17:31:05, DEBUG, http://pubsub.pubnub.com:80 "GET /publish/pub-c-abde89c6-da51-4c04-8c2b-9c3984e1182d/sub-c-d17a927c-e171-11e6-802a-02ee2ddab7fe/0/warehouse/0/%7B%22messagecode%22%3A%20%22assetbalance%22%2C%20%22messagetype%22%3A%20%22req%22%7D?norep=false&pnsdk=PubNub-Python%2F3.8.3&store=1 HTTP/1.1" 200 30
2017-05-01 17:31:12, DEBUG, http://pubsub.pubnub.com:80 "GET /publish/pub-c-abde89c6-da51-4c04-8c2b-9c3984e1182d/sub-c-d17a927c-e171-11e6-802a-02ee2ddab7fe/0/warehouse/0/%7B%22messagecode%22%3A%20%22issueasset%22%2C%20%22messagetype%22%3A%20%22req%22%7D?norep=false&pnsdk=PubNub-Python%2F3.8.3&store=1 HTTP/1.1" 200 30
2017-05-01 17:31:12, DEBUG, http://pubsub.pubnub.com:80 "GET /subscribe/sub-c-d17a927c-e171-11e6-802a-02ee2ddab7fe/UI/0/14936382886765855?pnsdk=PubNub-Python%2F3.8.3&uuid=bbb7dc40-933a-4473-ac67-422b497e13a6 HTTP/1.1" 200 272
2017-05-01 17:31:49, DEBUG, Converted retries value: 1 -> Retry(total=1, connect=None, read=None, redirect=None)
2017-05-01 17:31:49, DEBUG, Converted retries value: 1 -> Retry(total=1, connect=None, read=None, redirect=None)
2017-05-01 17:31:49, DEBUG, Starting new HTTP connection (1): pubsub.pubnub.com
2017-05-01 17:31:50, DEBUG, http://pubsub.pubnub.com:80 "GET /subscribe/sub-c-d17a927c-e171-11e6-802a-02ee2ddab7fe/UI/0/0?pnsdk=PubNub-Python%2F3.8.3&uuid=e6ee7807-9cb5-4d4d-ab01-ba2833aedf0d HTTP/1.1" 200 24
2017-05-01 17:31:50, INFO, CONNECTED
2017-05-01 17:31:51, DEBUG, Starting new HTTP connection (2): pubsub.pubnub.com
2017-05-01 17:31:54, DEBUG, http://pubsub.pubnub.com:80 "GET /publish/pub-c-abde89c6-da51-4c04-8c2b-9c3984e1182d/sub-c-d17a927c-e171-11e6-802a-02ee2ddab7fe/0/retailstore/0/%7B%22messagecode%22%3A%20%22issueasset%22%2C%20%22messagetype%22%3A%20%22req%22%7D?norep=false&pnsdk=PubNub-Python%2F3.8.3&store=1 HTTP/1.1" 200 30
2017-05-01 17:31:54, DEBUG, http://pubsub.pubnub.com:80 "GET /subscribe/sub-c-d17a927c-e171-11e6-802a-02ee2ddab7fe/UI/0/14936400725101990?pnsdk=PubNub-Python%2F3.8.3&uuid=e6ee7807-9cb5-4d4d-ab01-ba2833aedf0d HTTP/1.1" 200 269
2017-05-01 17:32:11, DEBUG, http://pubsub.pubnub.com:80 "GET /publish/pub-c-abde89c6-da51-4c04-8c2b-9c3984e1182d/sub-c-d17a927c-e171-11e6-802a-02ee2ddab7fe/0/warehouse/0/%7B%22messagecode%22%3A%20%22assetbalance%22%2C%20%22messagetype%22%3A%20%22req%22%7D?norep=false&pnsdk=PubNub-Python%2F3.8.3&store=1 HTTP/1.1" 200 30
2017-05-01 17:32:18, DEBUG, http://pubsub.pubnub.com:80 "GET /publish/pub-c-abde89c6-da51-4c04-8c2b-9c3984e1182d/sub-c-d17a927c-e171-11e6-802a-02ee2ddab7fe/0/retailstore/0/%7B%22messagecode%22%3A%20%22assetbalance%22%2C%20%22messagetype%22%3A%20%22req%22%7D?norep=false&pnsdk=PubNub-Python%2F3.8.3&store=1 HTTP/1.1" 200 30
2017-05-01 17:32:34, DEBUG, http://pubsub.pubnub.com:80 "GET /publish/pub-c-abde89c6-da51-4c04-8c2b-9c3984e1182d/sub-c-d17a927c-e171-11e6-802a-02ee2ddab7fe/0/farmland/0/%7B%22ownasset%22%3A%20%7B%22crop%22%3A%2020%7D%2C%20%22messagecode%22%3A%20%22createexchange%22%2C%20%22otherasset%22%3A%20%7B%22warehousemoney%22%3A%2020%7D%2C%20%22messagetype%22%3A%20%22req%22%7D?norep=false&pnsdk=PubNub-Python%2F3.8.3&store=1 HTTP/1.1" 200 30
2017-05-01 17:32:34, DEBUG, http://pubsub.pubnub.com:80 "GET /subscribe/sub-c-d17a927c-e171-11e6-802a-02ee2ddab7fe/UI/0/14936401144789204?pnsdk=PubNub-Python%2F3.8.3&uuid=e6ee7807-9cb5-4d4d-ab01-ba2833aedf0d HTTP/1.1" 200 95
2017-05-01 17:33:14, DEBUG, http://pubsub.pubnub.com:80 "GET /subscribe/sub-c-d17a927c-e171-11e6-802a-02ee2ddab7fe/UI/0/14936401544440118?pnsdk=PubNub-Python%2F3.8.3&uuid=e6ee7807-9cb5-4d4d-ab01-ba2833aedf0d HTTP/1.1" 200 24
2017-05-01 17:37:54, DEBUG, http://pubsub.pubnub.com:80 "GET /subscribe/sub-c-d17a927c-e171-11e6-802a-02ee2ddab7fe/UI/0/14936401544440118?pnsdk=PubNub-Python%2F3.8.3&uuid=e6ee7807-9cb5-4d4d-ab01-ba2833aedf0d HTTP/1.1" 200 24
2017-05-01 17:38:33, DEBUG, http://pubsub.pubnub.com:80 "GET /subscribe/sub-c-d17a927c-e171-11e6-802a-02ee2ddab7fe/UI/0/14936401544440118?pnsdk=PubNub-Python%2F3.8.3&uuid=e6ee7807-9cb5-4d4d-ab01-ba2833aedf0d HTTP/1.1" 200 534
2017-05-01 17:38:42, DEBUG, http://pubsub.pubnub.com:80 "GET /publish/pub-c-abde89c6-da51-4c04-8c2b-9c3984e1182d/sub-c-d17a927c-e171-11e6-802a-02ee2ddab7fe/0/warehouse/0/%7B%22ownasset%22%3A%20%7B%22warehousemoney%22%3A%2020%7D%2C%20%22messagecode%22%3A%20%22decodeexchange%22%2C%20%22otherasset%22%3A%20%7B%22crop%22%3A%2020%7D%2C%20%22messagetype%22%3A%20%22req%22%2C%20%22hexblob%22%3A%20%2201000000019058356342c0e589e5a3411c30a5f0d4597f6ccdb37e215991ff1dc0ae5d8e2f000000006b483045022100ffe22110fddcbe592e083006bdfb8f8239eb2625f33cff5ac70383e0e96b8e71022002585dbf6422e63a55a31f120773b4f1d68d47548c1ea6c89962cd2bc3de696e8321036196348ae27374c3c82636f219bbe7a28da3b6f613bc9189bc7404dce53d4b23ffffffff0100000000000000003776a914c07b4462c7736027a9bbbd9a84d6daf0f342d39888ac1c73706b7174f2ac9c8b51550aeb24755937db8f5714000000000000007500000000%22%7D?norep=false&pnsdk=PubNub-Python%2F3.8.3&store=1 HTTP/1.1" 200 30
2017-05-01 17:38:48, DEBUG, http://pubsub.pubnub.com:80 "GET /publish/pub-c-abde89c6-da51-4c04-8c2b-9c3984e1182d/sub-c-d17a927c-e171-11e6-802a-02ee2ddab7fe/0/warehouse/0/%7B%22messagecode%22%3A%20%22assetbalance%22%2C%20%22messagetype%22%3A%20%22req%22%7D?norep=false&pnsdk=PubNub-Python%2F3.8.3&store=1 HTTP/1.1" 200 30
2017-05-01 17:39:00, DEBUG, http://pubsub.pubnub.com:80 "GET /publish/pub-c-abde89c6-da51-4c04-8c2b-9c3984e1182d/sub-c-d17a927c-e171-11e6-802a-02ee2ddab7fe/0/farmland/0/%7B%22messagecode%22%3A%20%22assetbalance%22%2C%20%22messagetype%22%3A%20%22req%22%7D?norep=false&pnsdk=PubNub-Python%2F3.8.3&store=1 HTTP/1.1" 200 30
2017-05-01 17:40:58, DEBUG, http://pubsub.pubnub.com:80 "GET /publish/pub-c-abde89c6-da51-4c04-8c2b-9c3984e1182d/sub-c-d17a927c-e171-11e6-802a-02ee2ddab7fe/0/warehouse/0/%7B%22messagecode%22%3A%20%22assetbalance%22%2C%20%22messagetype%22%3A%20%22req%22%7D?norep=false&pnsdk=PubNub-Python%2F3.8.3&store=1 HTTP/1.1" 200 30
2017-05-01 17:41:12, DEBUG, http://pubsub.pubnub.com:80 "GET /publish/pub-c-abde89c6-da51-4c04-8c2b-9c3984e1182d/sub-c-d17a927c-e171-11e6-802a-02ee2ddab7fe/0/farmland/0/%7B%22messagecode%22%3A%20%22assetbalance%22%2C%20%22messagetype%22%3A%20%22req%22%7D?norep=false&pnsdk=PubNub-Python%2F3.8.3&store=1 HTTP/1.1" 200 30
2017-05-01 17:42:01, DEBUG, Converted retries value: 1 -> Retry(total=1, connect=None, read=None, redirect=None)
2017-05-01 17:42:01, DEBUG, Converted retries value: 1 -> Retry(total=1, connect=None, read=None, redirect=None)
2017-05-01 17:42:01, DEBUG, Starting new HTTP connection (1): pubsub.pubnub.com
2017-05-01 17:42:02, DEBUG, http://pubsub.pubnub.com:80 "GET /subscribe/sub-c-d17a927c-e171-11e6-802a-02ee2ddab7fe/UI/0/0?pnsdk=PubNub-Python%2F3.8.3&uuid=d89600a0-ff05-417f-86f7-ebf73500826f HTTP/1.1" 200 24
2017-05-01 17:42:02, INFO, CONNECTED
2017-05-01 17:42:09, DEBUG, Starting new HTTP connection (2): pubsub.pubnub.com
2017-05-01 17:42:12, DEBUG, http://pubsub.pubnub.com:80 "GET /publish/pub-c-abde89c6-da51-4c04-8c2b-9c3984e1182d/sub-c-d17a927c-e171-11e6-802a-02ee2ddab7fe/0/warehouse/0/%7B%22messagecode%22%3A%20%22issuemoreasset%22%2C%20%22asset%22%3A%20%22crop%22%2C%20%22messagetype%22%3A%20%22req%22%2C%20%22assetcustomfield%22%3A%20%7B%22asset-departuredate%22%3A%20%222017-05-10%22%2C%20%22asset-arrivaldate%22%3A%20%222017-05-07%22%2C%20%22assetstorageconditions%22%3A%20%22Good%22%7D%7D?norep=false&pnsdk=PubNub-Python%2F3.8.3&store=1 HTTP/1.1" 200 30
2017-05-01 17:42:34, DEBUG, http://pubsub.pubnub.com:80 "GET /subscribe/sub-c-d17a927c-e171-11e6-802a-02ee2ddab7fe/UI/0/14936405134059829?pnsdk=PubNub-Python%2F3.8.3&uuid=d89600a0-ff05-417f-86f7-ebf73500826f HTTP/1.1" 200 24
2017-05-01 17:44:10, DEBUG, http://pubsub.pubnub.com:80 "GET /publish/pub-c-abde89c6-da51-4c04-8c2b-9c3984e1182d/sub-c-d17a927c-e171-11e6-802a-02ee2ddab7fe/0/warehouse/0/%7B%22messagecode%22%3A%20%22issuemoreasset%22%2C%20%22asset%22%3A%20%22crop%22%2C%20%22messagetype%22%3A%20%22req%22%2C%20%22assetcustomfield%22%3A%20%7B%22asset-departuredate%22%3A%20%222017-05-10%22%2C%20%22asset-arrivaldate%22%3A%20%222017-05-07%22%2C%20%22assetstorageconditions%22%3A%20%22Good%22%7D%7D?norep=false&pnsdk=PubNub-Python%2F3.8.3&store=1 HTTP/1.1" 200 30
2017-05-01 17:44:50, DEBUG, http://pubsub.pubnub.com:80 "GET /publish/pub-c-abde89c6-da51-4c04-8c2b-9c3984e1182d/sub-c-d17a927c-e171-11e6-802a-02ee2ddab7fe/0/warehouse/0/%7B%22messagecode%22%3A%20%22issuemoreasset%22%2C%20%22asset%22%3A%20%22crop%22%2C%20%22messagetype%22%3A%20%22req%22%2C%20%22assetcustomfield%22%3A%20%7B%22asset-departuredate%22%3A%20%222017-05-10%22%2C%20%22asset-arrivaldate%22%3A%20%222017-05-07%22%2C%20%22assetstorageconditions%22%3A%20%22Good%22%7D%7D?norep=false&pnsdk=PubNub-Python%2F3.8.3&store=1 HTTP/1.1" 200 30
2017-05-01 17:44:50, DEBUG, http://pubsub.pubnub.com:80 "GET /subscribe/sub-c-d17a927c-e171-11e6-802a-02ee2ddab7fe/UI/0/14936405134059829?pnsdk=PubNub-Python%2F3.8.3&uuid=d89600a0-ff05-417f-86f7-ebf73500826f HTTP/1.1" 200 374
2017-05-01 17:46:25, DEBUG, http://pubsub.pubnub.com:80 "GET /publish/pub-c-abde89c6-da51-4c04-8c2b-9c3984e1182d/sub-c-d17a927c-e171-11e6-802a-02ee2ddab7fe/0/warehouse/0/%7B%22messagecode%22%3A%20%22issuemoreasset%22%2C%20%22asset%22%3A%20%22crop%22%2C%20%22messagetype%22%3A%20%22req%22%2C%20%22assetcustomfield%22%3A%20%7B%22asset-departuredate%22%3A%20%222017-05-10%22%2C%20%22asset-arrivaldate%22%3A%20%222017-05-07%22%2C%20%22assetstorageconditions%22%3A%20%22Good%22%7D%7D?norep=false&pnsdk=PubNub-Python%2F3.8.3&store=1 HTTP/1.1" 200 30
2017-05-01 17:46:25, DEBUG, http://pubsub.pubnub.com:80 "GET /subscribe/sub-c-d17a927c-e171-11e6-802a-02ee2ddab7fe/UI/0/14936408905483495?pnsdk=PubNub-Python%2F3.8.3&uuid=d89600a0-ff05-417f-86f7-ebf73500826f HTTP/1.1" 200 394
2017-05-01 17:47:14, DEBUG, http://pubsub.pubnub.com:80 "GET /subscribe/sub-c-d17a927c-e171-11e6-802a-02ee2ddab7fe/UI/0/14936409854536536?pnsdk=PubNub-Python%2F3.8.3&uuid=d89600a0-ff05-417f-86f7-ebf73500826f HTTP/1.1" 200 24
2017-05-01 17:47:51, DEBUG, http://pubsub.pubnub.com:80 "GET /publish/pub-c-abde89c6-da51-4c04-8c2b-9c3984e1182d/sub-c-d17a927c-e171-11e6-802a-02ee2ddab7fe/0/warehouse/0/%7B%22messagecode%22%3A%20%22issuemoreasset%22%2C%20%22asset%22%3A%20%22crop%22%2C%20%22messagetype%22%3A%20%22req%22%2C%20%22assetcustomfield%22%3A%20%7B%22asset-departuredate%22%3A%20%222017-05-10%22%2C%20%22asset-arrivaldate%22%3A%20%222017-05-07%22%2C%20%22assetstorageconditions%22%3A%20%22Good%22%7D%7D?norep=false&pnsdk=PubNub-Python%2F3.8.3&store=1 HTTP/1.1" 200 30
2017-05-01 17:47:51, DEBUG, http://pubsub.pubnub.com:80 "GET /subscribe/sub-c-d17a927c-e171-11e6-802a-02ee2ddab7fe/UI/0/14936409854536536?pnsdk=PubNub-Python%2F3.8.3&uuid=d89600a0-ff05-417f-86f7-ebf73500826f HTTP/1.1" 200 387
2017-05-01 17:51:54, DEBUG, http://pubsub.pubnub.com:80 "GET /subscribe/sub-c-d17a927c-e171-11e6-802a-02ee2ddab7fe/UI/0/14936410714432768?pnsdk=PubNub-Python%2F3.8.3&uuid=d89600a0-ff05-417f-86f7-ebf73500826f HTTP/1.1" 200 24
2017-05-01 17:56:35, DEBUG, http://pubsub.pubnub.com:80 "GET /subscribe/sub-c-d17a927c-e171-11e6-802a-02ee2ddab7fe/UI/0/14936410714432768?pnsdk=PubNub-Python%2F3.8.3&uuid=d89600a0-ff05-417f-86f7-ebf73500826f HTTP/1.1" 200 24
2017-05-01 18:00:08, DEBUG, http://pubsub.pubnub.com:80 "GET /publish/pub-c-abde89c6-da51-4c04-8c2b-9c3984e1182d/sub-c-d17a927c-e171-11e6-802a-02ee2ddab7fe/0/warehouse/0/%7B%22messagecode%22%3A%20%22issuemoreasset%22%2C%20%22asset%22%3A%20%22crop%22%2C%20%22messagetype%22%3A%20%22req%22%2C%20%22assetcustomfield%22%3A%20%7B%22asset-departuredate%22%3A%20%222017-05-10%22%2C%20%22asset-arrivaldate%22%3A%20%222017-05-07%22%2C%20%22assetstorageconditions%22%3A%20%22Good%22%7D%7D?norep=false&pnsdk=PubNub-Python%2F3.8.3&store=1 HTTP/1.1" 200 30
2017-05-01 18:00:09, DEBUG, http://pubsub.pubnub.com:80 "GET /subscribe/sub-c-d17a927c-e171-11e6-802a-02ee2ddab7fe/UI/0/14936410714432768?pnsdk=PubNub-Python%2F3.8.3&uuid=d89600a0-ff05-417f-86f7-ebf73500826f HTTP/1.1" 200 411
2017-05-01 18:01:16, DEBUG, http://pubsub.pubnub.com:80 "GET /subscribe/sub-c-d17a927c-e171-11e6-802a-02ee2ddab7fe/UI/0/14936418092083719?pnsdk=PubNub-Python%2F3.8.3&uuid=d89600a0-ff05-417f-86f7-ebf73500826f HTTP/1.1" 200 24
2017-05-01 18:49:28, DEBUG, Converted retries value: 1 -> Retry(total=1, connect=None, read=None, redirect=None)
2017-05-01 18:49:28, DEBUG, Converted retries value: 1 -> Retry(total=1, connect=None, read=None, redirect=None)
2017-05-01 18:49:28, DEBUG, Starting new HTTP connection (1): pubsub.pubnub.com
2017-05-01 18:49:29, DEBUG, http://pubsub.pubnub.com:80 "GET /subscribe/sub-c-d17a927c-e171-11e6-802a-02ee2ddab7fe/UI/0/0?pnsdk=PubNub-Python%2F3.8.3&uuid=303df8bd-33d5-450e-8f58-3fcd1c48174e HTTP/1.1" 200 24
2017-05-01 18:49:29, INFO, CONNECTED
2017-05-01 18:49:34, DEBUG, Starting new HTTP connection (2): pubsub.pubnub.com
2017-05-01 18:49:36, DEBUG, http://pubsub.pubnub.com:80 "GET /publish/pub-c-abde89c6-da51-4c04-8c2b-9c3984e1182d/sub-c-d17a927c-e171-11e6-802a-02ee2ddab7fe/0/warehouse/0/%7B%22messagecode%22%3A%20%22issuemoreasset%22%2C%20%22asset%22%3A%20%22crop%22%2C%20%22messagetype%22%3A%20%22req%22%2C%20%22assetcustomfield%22%3A%20%7B%22asset-departuredate%22%3A%20%222017-05-10%22%2C%20%22asset-arrivaldate%22%3A%20%222017-05-07%22%2C%20%22assetstorageconditions%22%3A%20%22Good%22%7D%7D?norep=false&pnsdk=PubNub-Python%2F3.8.3&store=1 HTTP/1.1" 200 30
2017-05-01 18:49:36, DEBUG, http://pubsub.pubnub.com:80 "GET /subscribe/sub-c-d17a927c-e171-11e6-802a-02ee2ddab7fe/UI/0/14936418092083719?pnsdk=PubNub-Python%2F3.8.3&uuid=303df8bd-33d5-450e-8f58-3fcd1c48174e HTTP/1.1" 200 411
2017-05-01 18:52:37, DEBUG, http://pubsub.pubnub.com:80 "GET /subscribe/sub-c-d17a927c-e171-11e6-802a-02ee2ddab7fe/UI/0/14936447765425139?pnsdk=PubNub-Python%2F3.8.3&uuid=303df8bd-33d5-450e-8f58-3fcd1c48174e HTTP/1.1" 200 24
2017-05-01 18:57:16, DEBUG, http://pubsub.pubnub.com:80 "GET /subscribe/sub-c-d17a927c-e171-11e6-802a-02ee2ddab7fe/UI/0/14936447765425139?pnsdk=PubNub-Python%2F3.8.3&uuid=303df8bd-33d5-450e-8f58-3fcd1c48174e HTTP/1.1" 200 24
2017-05-01 19:01:57, DEBUG, http://pubsub.pubnub.com:80 "GET /subscribe/sub-c-d17a927c-e171-11e6-802a-02ee2ddab7fe/UI/0/14936447765425139?pnsdk=PubNub-Python%2F3.8.3&uuid=303df8bd-33d5-450e-8f58-3fcd1c48174e HTTP/1.1" 200 24
2017-05-01 19:06:37, DEBUG, http://pubsub.pubnub.com:80 "GET /subscribe/sub-c-d17a927c-e171-11e6-802a-02ee2ddab7fe/UI/0/14936447765425139?pnsdk=PubNub-Python%2F3.8.3&uuid=303df8bd-33d5-450e-8f58-3fcd1c48174e HTTP/1.1" 200 24
2017-05-01 19:11:17, DEBUG, http://pubsub.pubnub.com:80 "GET /subscribe/sub-c-d17a927c-e171-11e6-802a-02ee2ddab7fe/UI/0/14936447765425139?pnsdk=PubNub-Python%2F3.8.3&uuid=303df8bd-33d5-450e-8f58-3fcd1c48174e HTTP/1.1" 200 24
2017-05-01 19:15:57, DEBUG, http://pubsub.pubnub.com:80 "GET /subscribe/sub-c-d17a927c-e171-11e6-802a-02ee2ddab7fe/UI/0/14936447765425139?pnsdk=PubNub-Python%2F3.8.3&uuid=303df8bd-33d5-450e-8f58-3fcd1c48174e HTTP/1.1" 200 24
2017-05-01 19:16:29, DEBUG, http://pubsub.pubnub.com:80 "GET /subscribe/sub-c-d17a927c-e171-11e6-802a-02ee2ddab7fe/UI/0/14936447765425139?pnsdk=PubNub-Python%2F3.8.3&uuid=303df8bd-33d5-450e-8f58-3fcd1c48174e HTTP/1.1" 200 76
2017-05-01 19:16:32, DEBUG, http://pubsub.pubnub.com:80 "GET /subscribe/sub-c-d17a927c-e171-11e6-802a-02ee2ddab7fe/UI/0/14936463893140628?pnsdk=PubNub-Python%2F3.8.3&uuid=303df8bd-33d5-450e-8f58-3fcd1c48174e HTTP/1.1" 200 76
2017-05-01 19:16:34, DEBUG, http://pubsub.pubnub.com:80 "GET /subscribe/sub-c-d17a927c-e171-11e6-802a-02ee2ddab7fe/UI/0/14936463918611796?pnsdk=PubNub-Python%2F3.8.3&uuid=303df8bd-33d5-450e-8f58-3fcd1c48174e HTTP/1.1" 200 72
2017-05-01 19:16:35, DEBUG, http://pubsub.pubnub.com:80 "GET /subscribe/sub-c-d17a927c-e171-11e6-802a-02ee2ddab7fe/UI/0/14936463939944060?pnsdk=PubNub-Python%2F3.8.3&uuid=303df8bd-33d5-450e-8f58-3fcd1c48174e HTTP/1.1" 200 72
2017-05-01 19:16:37, DEBUG, http://pubsub.pubnub.com:80 "GET /subscribe/sub-c-d17a927c-e171-11e6-802a-02ee2ddab7fe/UI/0/14936463953248931?pnsdk=PubNub-Python%2F3.8.3&uuid=303df8bd-33d5-450e-8f58-3fcd1c48174e HTTP/1.1" 200 72
2017-05-01 19:20:38, DEBUG, http://pubsub.pubnub.com:80 "GET /subscribe/sub-c-d17a927c-e171-11e6-802a-02ee2ddab7fe/UI/0/14936463969167223?pnsdk=PubNub-Python%2F3.8.3&uuid=303df8bd-33d5-450e-8f58-3fcd1c48174e HTTP/1.1" 200 24
2017-05-01 19:25:18, DEBUG, http://pubsub.pubnub.com:80 "GET /subscribe/sub-c-d17a927c-e171-11e6-802a-02ee2ddab7fe/UI/0/14936463969167223?pnsdk=PubNub-Python%2F3.8.3&uuid=303df8bd-33d5-450e-8f58-3fcd1c48174e HTTP/1.1" 200 24
2017-05-01 19:29:58, DEBUG, http://pubsub.pubnub.com:80 "GET /subscribe/sub-c-d17a927c-e171-11e6-802a-02ee2ddab7fe/UI/0/14936463969167223?pnsdk=PubNub-Python%2F3.8.3&uuid=303df8bd-33d5-450e-8f58-3fcd1c48174e HTTP/1.1" 200 24
2017-05-01 19:34:38, DEBUG, http://pubsub.pubnub.com:80 "GET /subscribe/sub-c-d17a927c-e171-11e6-802a-02ee2ddab7fe/UI/0/14936463969167223?pnsdk=PubNub-Python%2F3.8.3&uuid=303df8bd-33d5-450e-8f58-3fcd1c48174e HTTP/1.1" 200 24
2017-05-01 19:39:18, DEBUG, http://pubsub.pubnub.com:80 "GET /subscribe/sub-c-d17a927c-e171-11e6-802a-02ee2ddab7fe/UI/0/14936463969167223?pnsdk=PubNub-Python%2F3.8.3&uuid=303df8bd-33d5-450e-8f58-3fcd1c48174e HTTP/1.1" 200 24
2017-05-01 19:43:43, DEBUG, http://pubsub.pubnub.com:80 "GET /publish/pub-c-abde89c6-da51-4c04-8c2b-9c3984e1182d/sub-c-d17a927c-e171-11e6-802a-02ee2ddab7fe/0/farmland/0/%7B%22ownasset%22%3A%20%7B%22warehousemoney%22%3A%2020%7D%2C%20%22messagecode%22%3A%20%22createexchange%22%2C%20%22otherasset%22%3A%20%7B%22retailmoney%22%3A%2020%7D%2C%20%22messagetype%22%3A%20%22req%22%7D?norep=false&pnsdk=PubNub-Python%2F3.8.3&store=1 HTTP/1.1" 200 30
2017-05-01 19:43:59, DEBUG, http://pubsub.pubnub.com:80 "GET /subscribe/sub-c-d17a927c-e171-11e6-802a-02ee2ddab7fe/UI/0/14936463969167223?pnsdk=PubNub-Python%2F3.8.3&uuid=303df8bd-33d5-450e-8f58-3fcd1c48174e HTTP/1.1" 200 24
2017-05-01 19:44:40, DEBUG, http://pubsub.pubnub.com:80 "GET /publish/pub-c-abde89c6-da51-4c04-8c2b-9c3984e1182d/sub-c-d17a927c-e171-11e6-802a-02ee2ddab7fe/0/warehouse/0/%7B%22ownasset%22%3A%20%7B%22retailmoney%22%3A%2020%7D%2C%20%22messagecode%22%3A%20%22decodeexchange%22%2C%20%22otherasset%22%3A%20%7B%22warehousemoney%22%3A%2020%7D%2C%20%22messagetype%22%3A%20%22req%22%2C%20%22hexblob%22%3A%20null%7D?norep=false&pnsdk=PubNub-Python%2F3.8.3&store=1 HTTP/1.1" 200 30
2017-05-01 19:45:50, DEBUG, Converted retries value: 1 -> Retry(total=1, connect=None, read=None, redirect=None)
2017-05-01 19:45:50, DEBUG, Converted retries value: 1 -> Retry(total=1, connect=None, read=None, redirect=None)
2017-05-01 19:45:50, DEBUG, Starting new HTTP connection (1): pubsub.pubnub.com
2017-05-01 19:45:52, DEBUG, http://pubsub.pubnub.com:80 "GET /subscribe/sub-c-d17a927c-e171-11e6-802a-02ee2ddab7fe/UI/0/0?pnsdk=PubNub-Python%2F3.8.3&uuid=4810ce8f-c25b-4c4f-be28-36343029fe19 HTTP/1.1" 200 24
2017-05-01 19:45:52, INFO, CONNECTED
2017-05-01 19:45:56, DEBUG, Starting new HTTP connection (2): pubsub.pubnub.com
2017-05-01 19:45:58, DEBUG, http://pubsub.pubnub.com:80 "GET /publish/pub-c-abde89c6-da51-4c04-8c2b-9c3984e1182d/sub-c-d17a927c-e171-11e6-802a-02ee2ddab7fe/0/farmland/0/%7B%22ownasset%22%3A%20%7B%22crop%22%3A%2020%7D%2C%20%22messagecode%22%3A%20%22createexchange%22%2C%20%22otherasset%22%3A%20%7B%22retailmoney%22%3A%2020%7D%2C%20%22messagetype%22%3A%20%22req%22%7D?norep=false&pnsdk=PubNub-Python%2F3.8.3&store=1 HTTP/1.1" 200 30
2017-05-01 19:46:06, DEBUG, http://pubsub.pubnub.com:80 "GET /publish/pub-c-abde89c6-da51-4c04-8c2b-9c3984e1182d/sub-c-d17a927c-e171-11e6-802a-02ee2ddab7fe/0/warehouse/0/%7B%22ownasset%22%3A%20%7B%22retailmoney%22%3A%2020%7D%2C%20%22messagecode%22%3A%20%22decodeexchange%22%2C%20%22otherasset%22%3A%20%7B%22crop%22%3A%2020%7D%2C%20%22messagetype%22%3A%20%22req%22%2C%20%22hexblob%22%3A%20null%7D?norep=false&pnsdk=PubNub-Python%2F3.8.3&store=1 HTTP/1.1" 200 30
2017-05-01 19:48:31, DEBUG, http://pubsub.pubnub.com:80 "GET /subscribe/sub-c-d17a927c-e171-11e6-802a-02ee2ddab7fe/UI/0/14936463969167223?pnsdk=PubNub-Python%2F3.8.3&uuid=4810ce8f-c25b-4c4f-be28-36343029fe19 HTTP/1.1" 200 72
2017-05-01 19:48:36, DEBUG, http://pubsub.pubnub.com:80 "GET /subscribe/sub-c-d17a927c-e171-11e6-802a-02ee2ddab7fe/UI/0/14936483109333814?pnsdk=PubNub-Python%2F3.8.3&uuid=4810ce8f-c25b-4c4f-be28-36343029fe19 HTTP/1.1" 200 72
2017-05-01 19:48:39, DEBUG, http://pubsub.pubnub.com:80 "GET /subscribe/sub-c-d17a927c-e171-11e6-802a-02ee2ddab7fe/UI/0/14936483167607726?pnsdk=PubNub-Python%2F3.8.3&uuid=4810ce8f-c25b-4c4f-be28-36343029fe19 HTTP/1.1" 200 24
2017-05-01 19:48:40, DEBUG, http://pubsub.pubnub.com:80 "GET /subscribe/sub-c-d17a927c-e171-11e6-802a-02ee2ddab7fe/UI/0/14936483167607726?pnsdk=PubNub-Python%2F3.8.3&uuid=4810ce8f-c25b-4c4f-be28-36343029fe19 HTTP/1.1" 200 129
2017-05-01 19:49:50, DEBUG, Converted retries value: 1 -> Retry(total=1, connect=None, read=None, redirect=None)
2017-05-01 19:49:50, DEBUG, Converted retries value: 1 -> Retry(total=1, connect=None, read=None, redirect=None)
2017-05-01 19:49:50, DEBUG, Starting new HTTP connection (1): pubsub.pubnub.com
2017-05-01 19:49:51, DEBUG, http://pubsub.pubnub.com:80 "GET /subscribe/sub-c-d17a927c-e171-11e6-802a-02ee2ddab7fe/UI/0/0?pnsdk=PubNub-Python%2F3.8.3&uuid=486a5538-a12c-4642-a465-0dc2db06c5e1 HTTP/1.1" 200 24
2017-05-01 19:49:51, INFO, CONNECTED
2017-05-01 19:49:58, DEBUG, Starting new HTTP connection (2): pubsub.pubnub.com
2017-05-01 19:49:58, DEBUG, http://pubsub.pubnub.com:80 "GET /publish/pub-c-abde89c6-da51-4c04-8c2b-9c3984e1182d/sub-c-d17a927c-e171-11e6-802a-02ee2ddab7fe/0/farmland/0/%7B%22ownasset%22%3A%20%7B%22crop%22%3A%2020%7D%2C%20%22messagecode%22%3A%20%22createexchange%22%2C%20%22otherasset%22%3A%20%7B%22warehousemoney%22%3A%2020%7D%2C%20%22messagetype%22%3A%20%22req%22%7D?norep=false&pnsdk=PubNub-Python%2F3.8.3&store=1 HTTP/1.1" 200 30
2017-05-01 19:49:58, DEBUG, http://pubsub.pubnub.com:80 "GET /subscribe/sub-c-d17a927c-e171-11e6-802a-02ee2ddab7fe/UI/0/14936483196460019?pnsdk=PubNub-Python%2F3.8.3&uuid=486a5538-a12c-4642-a465-0dc2db06c5e1 HTTP/1.1" 200 95
2017-05-01 19:51:01, DEBUG, http://pubsub.pubnub.com:80 "GET /publish/pub-c-abde89c6-da51-4c04-8c2b-9c3984e1182d/sub-c-d17a927c-e171-11e6-802a-02ee2ddab7fe/0/farmland/0/%7B%22ownasset%22%3A%20%7B%22crop%22%3A%2020%7D%2C%20%22messagecode%22%3A%20%22createexchange%22%2C%20%22otherasset%22%3A%20%7B%22warehousemoney%22%3A%2020%7D%2C%20%22messagetype%22%3A%20%22req%22%7D?norep=false&pnsdk=PubNub-Python%2F3.8.3&store=1 HTTP/1.1" 200 30
2017-05-01 19:51:01, DEBUG, http://pubsub.pubnub.com:80 "GET /subscribe/sub-c-d17a927c-e171-11e6-802a-02ee2ddab7fe/UI/0/14936483986830424?pnsdk=PubNub-Python%2F3.8.3&uuid=486a5538-a12c-4642-a465-0dc2db06c5e1 HTTP/1.1" 200 95
2017-05-01 19:51:31, DEBUG, http://pubsub.pubnub.com:80 "GET /publish/pub-c-abde89c6-da51-4c04-8c2b-9c3984e1182d/sub-c-d17a927c-e171-11e6-802a-02ee2ddab7fe/0/farmland/0/%7B%22ownasset%22%3A%20%7B%22crop%22%3A%2020%7D%2C%20%22messagecode%22%3A%20%22createexchange%22%2C%20%22otherasset%22%3A%20%7B%22warehousemoney%22%3A%2020%7D%2C%20%22messagetype%22%3A%20%22req%22%7D?norep=false&pnsdk=PubNub-Python%2F3.8.3&store=1 HTTP/1.1" 200 30
2017-05-01 19:51:31, DEBUG, http://pubsub.pubnub.com:80 "GET /subscribe/sub-c-d17a927c-e171-11e6-802a-02ee2ddab7fe/UI/0/14936484614804091?pnsdk=PubNub-Python%2F3.8.3&uuid=486a5538-a12c-4642-a465-0dc2db06c5e1 HTTP/1.1" 200 None
2017-05-01 19:51:35, DEBUG, http://pubsub.pubnub.com:80 "GET /publish/pub-c-abde89c6-da51-4c04-8c2b-9c3984e1182d/sub-c-d17a927c-e171-11e6-802a-02ee2ddab7fe/0/warehouse/0/%7B%22ownasset%22%3A%20%7B%22warehousemoney%22%3A%2020%7D%2C%20%22messagecode%22%3A%20%22decodeexchange%22%2C%20%22otherasset%22%3A%20%7B%22crop%22%3A%2020%7D%2C%20%22messagetype%22%3A%20%22req%22%2C%20%22hexblob%22%3A%20%7B%22op-return%22%3A%20%220100000001242d54f89df20af3184e43bfaca143e9ea2fa11187b019efcad54afa305185c0010000006b483045022100d49deaaf46ef710fc016dcce3a11bce7fc3a5b30100732b6bad65f0fd7a9dc52022069c7b5ce49fff8eedfcee71aaf04615593bda63488dbd548a139dbee0ffe17cd8321036196348ae27374c3c82636f219bbe7a28da3b6f613bc9189bc7404dce53d4b23ffffffff0100000000000000003776a914c07b4462c7736027a9bbbd9a84d6daf0f342d39888ac1c73706b7174f2ac9c8b51550aeb24755937db8f5714000000000000007500000000%22%2C%20%22hexblob%22%3A%20%220100000001242d54f89df20af3184e43bfaca143e9ea2fa11187b019efcad54afa305185c0010000006b483045022100d49deaaf46ef710fc016dcce3a11bce7fc3a5b30100732b6bad65f0fd7a9dc52022069c7b5ce49fff8eedfcee71aaf04615593bda63488dbd548a139dbee0ffe17cd8321036196348ae27374c3c82636f219bbe7a28da3b6f613bc9189bc7404dce53d4b23ffffffff0100000000000000003776a914c07b4462c7736027a9bbbd9a84d6daf0f342d39888ac1c73706b7174f2ac9c8b51550aeb24755937db8f5714000000000000007500000000%22%7D%7D?norep=false&pnsdk=PubNub-Python%2F3.8.3&store=1 HTTP/1.1" 200 30
2017-05-01 19:51:58, DEBUG, http://pubsub.pubnub.com:80 "GET /publish/pub-c-abde89c6-da51-4c04-8c2b-9c3984e1182d/sub-c-d17a927c-e171-11e6-802a-02ee2ddab7fe/0/farmland/0/%7B%22ownasset%22%3A%20%7B%22crop%22%3A%2020%7D%2C%20%22messagecode%22%3A%20%22createexchange%22%2C%20%22otherasset%22%3A%20%7B%22warehousemoney%22%3A%2020%7D%2C%20%22messagetype%22%3A%20%22req%22%7D?norep=false&pnsdk=PubNub-Python%2F3.8.3&store=1 HTTP/1.1" 200 30
2017-05-01 19:51:59, DEBUG, http://pubsub.pubnub.com:80 "GET /subscribe/sub-c-d17a927c-e171-11e6-802a-02ee2ddab7fe/UI/0/14936484901698281?pnsdk=PubNub-Python%2F3.8.3&uuid=486a5538-a12c-4642-a465-0dc2db06c5e1 HTTP/1.1" 200 None
2017-05-01 19:52:04, DEBUG, http://pubsub.pubnub.com:80 "GET /publish/pub-c-abde89c6-da51-4c04-8c2b-9c3984e1182d/sub-c-d17a927c-e171-11e6-802a-02ee2ddab7fe/0/warehouse/0/%7B%22ownasset%22%3A%20%7B%22warehousemoney%22%3A%2020%7D%2C%20%22messagecode%22%3A%20%22decodeexchange%22%2C%20%22otherasset%22%3A%20%7B%22crop%22%3A%2020%7D%2C%20%22messagetype%22%3A%20%22req%22%2C%20%22hexblob%22%3A%20%7B%22op-return%22%3A%20%2201000000016439b90db8cddb61dfde00e8fe79543833175b92d12404497a1143a702bd0a8c000000006a47304402200a6e0c2a6c1e6b4382fc29f465794159413d004bb186d48ea83b91b0e523bd080220523cc2885484c57429453ff46bf860b4d961eb947365d9d77b698f463815bbe58321036196348ae27374c3c82636f219bbe7a28da3b6f613bc9189bc7404dce53d4b23ffffffff0100000000000000003776a914c07b4462c7736027a9bbbd9a84d6daf0f342d39888ac1c73706b7174f2ac9c8b51550aeb24755937db8f5714000000000000007500000000%22%2C%20%22hexblob%22%3A%20%2201000000016439b90db8cddb61dfde00e8fe79543833175b92d12404497a1143a702bd0a8c000000006a47304402200a6e0c2a6c1e6b4382fc29f465794159413d004bb186d48ea83b91b0e523bd080220523cc2885484c57429453ff46bf860b4d961eb947365d9d77b698f463815bbe58321036196348ae27374c3c82636f219bbe7a28da3b6f613bc9189bc7404dce53d4b23ffffffff0100000000000000003776a914c07b4462c7736027a9bbbd9a84d6daf0f342d39888ac1c73706b7174f2ac9c8b51550aeb24755937db8f5714000000000000007500000000%22%7D%7D?norep=false&pnsdk=PubNub-Python%2F3.8.3&store=1 HTTP/1.1" 200 30
2017-05-01 19:53:19, DEBUG, http://pubsub.pubnub.com:80 "GET /subscribe/sub-c-d17a927c-e171-11e6-802a-02ee2ddab7fe/UI/0/14936485185958503?pnsdk=PubNub-Python%2F3.8.3&uuid=486a5538-a12c-4642-a465-0dc2db06c5e1 HTTP/1.1" 200 24
2017-05-01 19:57:08, DEBUG, http://pubsub.pubnub.com:80 "GET /subscribe/sub-c-d17a927c-e171-11e6-802a-02ee2ddab7fe/UI/0/14936485185958503?pnsdk=PubNub-Python%2F3.8.3&uuid=486a5538-a12c-4642-a465-0dc2db06c5e1 HTTP/1.1" 200 97
2017-05-01 19:57:15, DEBUG, http://pubsub.pubnub.com:80 "GET /subscribe/sub-c-d17a927c-e171-11e6-802a-02ee2ddab7fe/UI/0/14936488278501974?pnsdk=PubNub-Python%2F3.8.3&uuid=486a5538-a12c-4642-a465-0dc2db06c5e1 HTTP/1.1" 200 98
2017-05-01 19:57:18, DEBUG, http://pubsub.pubnub.com:80 "GET /subscribe/sub-c-d17a927c-e171-11e6-802a-02ee2ddab7fe/UI/0/14936488350375859?pnsdk=PubNub-Python%2F3.8.3&uuid=486a5538-a12c-4642-a465-0dc2db06c5e1 HTTP/1.1" 200 99
2017-05-01 19:57:21, DEBUG, http://pubsub.pubnub.com:80 "GET /subscribe/sub-c-d17a927c-e171-11e6-802a-02ee2ddab7fe/UI/0/14936488377063033?pnsdk=PubNub-Python%2F3.8.3&uuid=486a5538-a12c-4642-a465-0dc2db06c5e1 HTTP/1.1" 200 116
2017-05-01 19:57:23, DEBUG, http://pubsub.pubnub.com:80 "GET /subscribe/sub-c-d17a927c-e171-11e6-802a-02ee2ddab7fe/UI/0/14936488404947692?pnsdk=PubNub-Python%2F3.8.3&uuid=486a5538-a12c-4642-a465-0dc2db06c5e1 HTTP/1.1" 200 110
2017-05-01 19:57:26, DEBUG, http://pubsub.pubnub.com:80 "GET /subscribe/sub-c-d17a927c-e171-11e6-802a-02ee2ddab7fe/UI/0/14936488432929594?pnsdk=PubNub-Python%2F3.8.3&uuid=486a5538-a12c-4642-a465-0dc2db06c5e1 HTTP/1.1" 200 97
2017-05-01 19:58:00, DEBUG, http://pubsub.pubnub.com:80 "GET /subscribe/sub-c-d17a927c-e171-11e6-802a-02ee2ddab7fe/UI/0/14936488459744551?pnsdk=PubNub-Python%2F3.8.3&uuid=486a5538-a12c-4642-a465-0dc2db06c5e1 HTTP/1.1" 200 24
2017-05-01 20:02:40, DEBUG, http://pubsub.pubnub.com:80 "GET /subscribe/sub-c-d17a927c-e171-11e6-802a-02ee2ddab7fe/UI/0/14936488459744551?pnsdk=PubNub-Python%2F3.8.3&uuid=486a5538-a12c-4642-a465-0dc2db06c5e1 HTTP/1.1" 200 24
2017-05-01 20:07:19, DEBUG, http://pubsub.pubnub.com:80 "GET /subscribe/sub-c-d17a927c-e171-11e6-802a-02ee2ddab7fe/UI/0/14936488459744551?pnsdk=PubNub-Python%2F3.8.3&uuid=486a5538-a12c-4642-a465-0dc2db06c5e1 HTTP/1.1" 200 24
2017-05-01 20:12:00, DEBUG, http://pubsub.pubnub.com:80 "GET /subscribe/sub-c-d17a927c-e171-11e6-802a-02ee2ddab7fe/UI/0/14936488459744551?pnsdk=PubNub-Python%2F3.8.3&uuid=486a5538-a12c-4642-a465-0dc2db06c5e1 HTTP/1.1" 200 24
2017-05-01 20:16:40, DEBUG, http://pubsub.pubnub.com:80 "GET /subscribe/sub-c-d17a927c-e171-11e6-802a-02ee2ddab7fe/UI/0/14936488459744551?pnsdk=PubNub-Python%2F3.8.3&uuid=486a5538-a12c-4642-a465-0dc2db06c5e1 HTTP/1.1" 200 24
2017-05-01 20:21:20, DEBUG, http://pubsub.pubnub.com:80 "GET /subscribe/sub-c-d17a927c-e171-11e6-802a-02ee2ddab7fe/UI/0/14936488459744551?pnsdk=PubNub-Python%2F3.8.3&uuid=486a5538-a12c-4642-a465-0dc2db06c5e1 HTTP/1.1" 200 24
2017-05-01 20:24:39, DEBUG, http://pubsub.pubnub.com:80 "GET /subscribe/sub-c-d17a927c-e171-11e6-802a-02ee2ddab7fe/UI/0/14936488459744551?pnsdk=PubNub-Python%2F3.8.3&uuid=486a5538-a12c-4642-a465-0dc2db06c5e1 HTTP/1.1" 200 97
2017-05-01 20:24:42, DEBUG, http://pubsub.pubnub.com:80 "GET /subscribe/sub-c-d17a927c-e171-11e6-802a-02ee2ddab7fe/UI/0/14936504789808142?pnsdk=PubNub-Python%2F3.8.3&uuid=486a5538-a12c-4642-a465-0dc2db06c5e1 HTTP/1.1" 200 98
2017-05-01 20:24:46, DEBUG, http://pubsub.pubnub.com:80 "GET /subscribe/sub-c-d17a927c-e171-11e6-802a-02ee2ddab7fe/UI/0/14936504819596381?pnsdk=PubNub-Python%2F3.8.3&uuid=486a5538-a12c-4642-a465-0dc2db06c5e1 HTTP/1.1" 200 99
2017-05-01 20:26:00, DEBUG, http://pubsub.pubnub.com:80 "GET /subscribe/sub-c-d17a927c-e171-11e6-802a-02ee2ddab7fe/UI/0/14936504860288298?pnsdk=PubNub-Python%2F3.8.3&uuid=486a5538-a12c-4642-a465-0dc2db06c5e1 HTTP/1.1" 200 24
2017-05-01 20:30:40, DEBUG, http://pubsub.pubnub.com:80 "GET /subscribe/sub-c-d17a927c-e171-11e6-802a-02ee2ddab7fe/UI/0/14936504860288298?pnsdk=PubNub-Python%2F3.8.3&uuid=486a5538-a12c-4642-a465-0dc2db06c5e1 HTTP/1.1" 200 24
2017-05-01 20:35:21, DEBUG, http://pubsub.pubnub.com:80 "GET /subscribe/sub-c-d17a927c-e171-11e6-802a-02ee2ddab7fe/UI/0/14936504860288298?pnsdk=PubNub-Python%2F3.8.3&uuid=486a5538-a12c-4642-a465-0dc2db06c5e1 HTTP/1.1" 200 24
2017-05-01 20:37:09, DEBUG, http://pubsub.pubnub.com:80 "GET /subscribe/sub-c-d17a927c-e171-11e6-802a-02ee2ddab7fe/UI/0/14936504860288298?pnsdk=PubNub-Python%2F3.8.3&uuid=486a5538-a12c-4642-a465-0dc2db06c5e1 HTTP/1.1" 200 97
2017-05-01 20:37:13, DEBUG, http://pubsub.pubnub.com:80 "GET /subscribe/sub-c-d17a927c-e171-11e6-802a-02ee2ddab7fe/UI/0/14936512276822078?pnsdk=PubNub-Python%2F3.8.3&uuid=486a5538-a12c-4642-a465-0dc2db06c5e1 HTTP/1.1" 200 98
2017-05-01 20:37:15, DEBUG, http://pubsub.pubnub.com:80 "GET /subscribe/sub-c-d17a927c-e171-11e6-802a-02ee2ddab7fe/UI/0/14936512318730910?pnsdk=PubNub-Python%2F3.8.3&uuid=486a5538-a12c-4642-a465-0dc2db06c5e1 HTTP/1.1" 200 99
2017-05-01 20:37:18, DEBUG, http://pubsub.pubnub.com:80 "GET /subscribe/sub-c-d17a927c-e171-11e6-802a-02ee2ddab7fe/UI/0/14936512353191434?pnsdk=PubNub-Python%2F3.8.3&uuid=486a5538-a12c-4642-a465-0dc2db06c5e1 HTTP/1.1" 200 110
2017-05-01 20:37:19, DEBUG, http://pubsub.pubnub.com:80 "GET /subscribe/sub-c-d17a927c-e171-11e6-802a-02ee2ddab7fe/UI/0/14936512376596376?pnsdk=PubNub-Python%2F3.8.3&uuid=486a5538-a12c-4642-a465-0dc2db06c5e1 HTTP/1.1" 200 116
2017-05-01 20:37:48, DEBUG, http://pubsub.pubnub.com:80 "GET /subscribe/sub-c-d17a927c-e171-11e6-802a-02ee2ddab7fe/UI/0/14936512393883097?pnsdk=PubNub-Python%2F3.8.3&uuid=486a5538-a12c-4642-a465-0dc2db06c5e1 HTTP/1.1" 200 97
2017-05-01 20:38:39, DEBUG, http://pubsub.pubnub.com:80 "GET /subscribe/sub-c-d17a927c-e171-11e6-802a-02ee2ddab7fe/UI/0/14936512684201784?pnsdk=PubNub-Python%2F3.8.3&uuid=486a5538-a12c-4642-a465-0dc2db06c5e1 HTTP/1.1" 200 97
2017-05-01 20:38:41, DEBUG, http://pubsub.pubnub.com:80 "GET /subscribe/sub-c-d17a927c-e171-11e6-802a-02ee2ddab7fe/UI/0/14936513191103873?pnsdk=PubNub-Python%2F3.8.3&uuid=486a5538-a12c-4642-a465-0dc2db06c5e1 HTTP/1.1" 200 98
2017-05-01 20:38:43, DEBUG, http://pubsub.pubnub.com:80 "GET /subscribe/sub-c-d17a927c-e171-11e6-802a-02ee2ddab7fe/UI/0/14936513208176494?pnsdk=PubNub-Python%2F3.8.3&uuid=486a5538-a12c-4642-a465-0dc2db06c5e1 HTTP/1.1" 200 99
2017-05-01 20:38:46, DEBUG, http://pubsub.pubnub.com:80 "GET /subscribe/sub-c-d17a927c-e171-11e6-802a-02ee2ddab7fe/UI/0/14936513222894515?pnsdk=PubNub-Python%2F3.8.3&uuid=486a5538-a12c-4642-a465-0dc2db06c5e1 HTTP/1.1" 200 110
2017-05-01 20:38:48, DEBUG, http://pubsub.pubnub.com:80 "GET /subscribe/sub-c-d17a927c-e171-11e6-802a-02ee2ddab7fe/UI/0/14936513261580512?pnsdk=PubNub-Python%2F3.8.3&uuid=486a5538-a12c-4642-a465-0dc2db06c5e1 HTTP/1.1" 200 116
2017-05-01 20:38:53, DEBUG, http://pubsub.pubnub.com:80 "GET /subscribe/sub-c-d17a927c-e171-11e6-802a-02ee2ddab7fe/UI/0/14936513273948902?pnsdk=PubNub-Python%2F3.8.3&uuid=486a5538-a12c-4642-a465-0dc2db06c5e1 HTTP/1.1" 200 97
2017-05-01 20:39:03, DEBUG, http://pubsub.pubnub.com:80 "GET /subscribe/sub-c-d17a927c-e171-11e6-802a-02ee2ddab7fe/UI/0/14936513330921024?pnsdk=PubNub-Python%2F3.8.3&uuid=486a5538-a12c-4642-a465-0dc2db06c5e1 HTTP/1.1" 200 110
2017-05-01 20:39:06, DEBUG, http://pubsub.pubnub.com:80 "GET /subscribe/sub-c-d17a927c-e171-11e6-802a-02ee2ddab7fe/UI/0/14936513432893690?pnsdk=PubNub-Python%2F3.8.3&uuid=486a5538-a12c-4642-a465-0dc2db06c5e1 HTTP/1.1" 200 98
2017-05-01 20:39:09, DEBUG, http://pubsub.pubnub.com:80 "GET /subscribe/sub-c-d17a927c-e171-11e6-802a-02ee2ddab7fe/UI/0/14936513460988454?pnsdk=PubNub-Python%2F3.8.3&uuid=486a5538-a12c-4642-a465-0dc2db06c5e1 HTTP/1.1" 200 116
2017-05-01 20:39:11, DEBUG, http://pubsub.pubnub.com:80 "GET /subscribe/sub-c-d17a927c-e171-11e6-802a-02ee2ddab7fe/UI/0/14936513491113530?pnsdk=PubNub-Python%2F3.8.3&uuid=486a5538-a12c-4642-a465-0dc2db06c5e1 HTTP/1.1" 200 99
2017-05-01 20:40:01, DEBUG, http://pubsub.pubnub.com:80 "GET /subscribe/sub-c-d17a927c-e171-11e6-802a-02ee2ddab7fe/UI/0/14936513509983041?pnsdk=PubNub-Python%2F3.8.3&uuid=486a5538-a12c-4642-a465-0dc2db06c5e1 HTTP/1.1" 200 24
2017-05-01 20:44:41, DEBUG, http://pubsub.pubnub.com:80 "GET /subscribe/sub-c-d17a927c-e171-11e6-802a-02ee2ddab7fe/UI/0/14936513509983041?pnsdk=PubNub-Python%2F3.8.3&uuid=486a5538-a12c-4642-a465-0dc2db06c5e1 HTTP/1.1" 200 24
2017-05-01 20:49:21, DEBUG, http://pubsub.pubnub.com:80 "GET /subscribe/sub-c-d17a927c-e171-11e6-802a-02ee2ddab7fe/UI/0/14936513509983041?pnsdk=PubNub-Python%2F3.8.3&uuid=486a5538-a12c-4642-a465-0dc2db06c5e1 HTTP/1.1" 200 24
2017-05-01 20:54:01, DEBUG, http://pubsub.pubnub.com:80 "GET /subscribe/sub-c-d17a927c-e171-11e6-802a-02ee2ddab7fe/UI/0/14936513509983041?pnsdk=PubNub-Python%2F3.8.3&uuid=486a5538-a12c-4642-a465-0dc2db06c5e1 HTTP/1.1" 200 24
2017-05-01 20:58:42, DEBUG, http://pubsub.pubnub.com:80 "GET /subscribe/sub-c-d17a927c-e171-11e6-802a-02ee2ddab7fe/UI/0/14936513509983041?pnsdk=PubNub-Python%2F3.8.3&uuid=486a5538-a12c-4642-a465-0dc2db06c5e1 HTTP/1.1" 200 24
2017-05-01 21:03:22, DEBUG, http://pubsub.pubnub.com:80 "GET /subscribe/sub-c-d17a927c-e171-11e6-802a-02ee2ddab7fe/UI/0/14936513509983041?pnsdk=PubNub-Python%2F3.8.3&uuid=486a5538-a12c-4642-a465-0dc2db06c5e1 HTTP/1.1" 200 24
2017-05-01 21:08:02, DEBUG, http://pubsub.pubnub.com:80 "GET /subscribe/sub-c-d17a927c-e171-11e6-802a-02ee2ddab7fe/UI/0/14936513509983041?pnsdk=PubNub-Python%2F3.8.3&uuid=486a5538-a12c-4642-a465-0dc2db06c5e1 HTTP/1.1" 200 24
2017-05-01 21:12:42, DEBUG, http://pubsub.pubnub.com:80 "GET /subscribe/sub-c-d17a927c-e171-11e6-802a-02ee2ddab7fe/UI/0/14936513509983041?pnsdk=PubNub-Python%2F3.8.3&uuid=486a5538-a12c-4642-a465-0dc2db06c5e1 HTTP/1.1" 200 24
2017-05-01 21:17:22, DEBUG, http://pubsub.pubnub.com:80 "GET /subscribe/sub-c-d17a927c-e171-11e6-802a-02ee2ddab7fe/UI/0/14936513509983041?pnsdk=PubNub-Python%2F3.8.3&uuid=486a5538-a12c-4642-a465-0dc2db06c5e1 HTTP/1.1" 200 24
2017-05-01 21:22:03, DEBUG, http://pubsub.pubnub.com:80 "GET /subscribe/sub-c-d17a927c-e171-11e6-802a-02ee2ddab7fe/UI/0/14936513509983041?pnsdk=PubNub-Python%2F3.8.3&uuid=486a5538-a12c-4642-a465-0dc2db06c5e1 HTTP/1.1" 200 24
2017-05-01 21:26:43, DEBUG, http://pubsub.pubnub.com:80 "GET /subscribe/sub-c-d17a927c-e171-11e6-802a-02ee2ddab7fe/UI/0/14936513509983041?pnsdk=PubNub-Python%2F3.8.3&uuid=486a5538-a12c-4642-a465-0dc2db06c5e1 HTTP/1.1" 200 24
2017-05-01 21:31:23, DEBUG, http://pubsub.pubnub.com:80 "GET /subscribe/sub-c-d17a927c-e171-11e6-802a-02ee2ddab7fe/UI/0/14936513509983041?pnsdk=PubNub-Python%2F3.8.3&uuid=486a5538-a12c-4642-a465-0dc2db06c5e1 HTTP/1.1" 200 24
2017-05-01 21:36:03, DEBUG, http://pubsub.pubnub.com:80 "GET /subscribe/sub-c-d17a927c-e171-11e6-802a-02ee2ddab7fe/UI/0/14936513509983041?pnsdk=PubNub-Python%2F3.8.3&uuid=486a5538-a12c-4642-a465-0dc2db06c5e1 HTTP/1.1" 200 24
2017-05-01 21:40:44, DEBUG, http://pubsub.pubnub.com:80 "GET /subscribe/sub-c-d17a927c-e171-11e6-802a-02ee2ddab7fe/UI/0/14936513509983041?pnsdk=PubNub-Python%2F3.8.3&uuid=486a5538-a12c-4642-a465-0dc2db06c5e1 HTTP/1.1" 200 24
2017-05-01 21:45:23, DEBUG, http://pubsub.pubnub.com:80 "GET /subscribe/sub-c-d17a927c-e171-11e6-802a-02ee2ddab7fe/UI/0/14936513509983041?pnsdk=PubNub-Python%2F3.8.3&uuid=486a5538-a12c-4642-a465-0dc2db06c5e1 HTTP/1.1" 200 24
2017-05-01 21:50:04, DEBUG, http://pubsub.pubnub.com:80 "GET /subscribe/sub-c-d17a927c-e171-11e6-802a-02ee2ddab7fe/UI/0/14936513509983041?pnsdk=PubNub-Python%2F3.8.3&uuid=486a5538-a12c-4642-a465-0dc2db06c5e1 HTTP/1.1" 200 24
2017-05-01 21:54:44, DEBUG, http://pubsub.pubnub.com:80 "GET /subscribe/sub-c-d17a927c-e171-11e6-802a-02ee2ddab7fe/UI/0/14936513509983041?pnsdk=PubNub-Python%2F3.8.3&uuid=486a5538-a12c-4642-a465-0dc2db06c5e1 HTTP/1.1" 200 24
2017-05-01 21:59:24, DEBUG, http://pubsub.pubnub.com:80 "GET /subscribe/sub-c-d17a927c-e171-11e6-802a-02ee2ddab7fe/UI/0/14936513509983041?pnsdk=PubNub-Python%2F3.8.3&uuid=486a5538-a12c-4642-a465-0dc2db06c5e1 HTTP/1.1" 200 24
2017-05-01 22:04:04, DEBUG, http://pubsub.pubnub.com:80 "GET /subscribe/sub-c-d17a927c-e171-11e6-802a-02ee2ddab7fe/UI/0/14936513509983041?pnsdk=PubNub-Python%2F3.8.3&uuid=486a5538-a12c-4642-a465-0dc2db06c5e1 HTTP/1.1" 200 24
2017-05-01 22:08:44, DEBUG, http://pubsub.pubnub.com:80 "GET /subscribe/sub-c-d17a927c-e171-11e6-802a-02ee2ddab7fe/UI/0/14936513509983041?pnsdk=PubNub-Python%2F3.8.3&uuid=486a5538-a12c-4642-a465-0dc2db06c5e1 HTTP/1.1" 200 24
2017-05-01 22:13:24, DEBUG, http://pubsub.pubnub.com:80 "GET /subscribe/sub-c-d17a927c-e171-11e6-802a-02ee2ddab7fe/UI/0/14936513509983041?pnsdk=PubNub-Python%2F3.8.3&uuid=486a5538-a12c-4642-a465-0dc2db06c5e1 HTTP/1.1" 200 24
2017-05-01 22:18:05, DEBUG, http://pubsub.pubnub.com:80 "GET /subscribe/sub-c-d17a927c-e171-11e6-802a-02ee2ddab7fe/UI/0/14936513509983041?pnsdk=PubNub-Python%2F3.8.3&uuid=486a5538-a12c-4642-a465-0dc2db06c5e1 HTTP/1.1" 200 24
2017-05-01 22:22:45, DEBUG, http://pubsub.pubnub.com:80 "GET /subscribe/sub-c-d17a927c-e171-11e6-802a-02ee2ddab7fe/UI/0/14936513509983041?pnsdk=PubNub-Python%2F3.8.3&uuid=486a5538-a12c-4642-a465-0dc2db06c5e1 HTTP/1.1" 200 24
2017-05-01 22:27:25, DEBUG, http://pubsub.pubnub.com:80 "GET /subscribe/sub-c-d17a927c-e171-11e6-802a-02ee2ddab7fe/UI/0/14936513509983041?pnsdk=PubNub-Python%2F3.8.3&uuid=486a5538-a12c-4642-a465-0dc2db06c5e1 HTTP/1.1" 200 24
2017-05-01 22:32:05, DEBUG, http://pubsub.pubnub.com:80 "GET /subscribe/sub-c-d17a927c-e171-11e6-802a-02ee2ddab7fe/UI/0/14936513509983041?pnsdk=PubNub-Python%2F3.8.3&uuid=486a5538-a12c-4642-a465-0dc2db06c5e1 HTTP/1.1" 200 24
2017-05-01 22:36:45, DEBUG, http://pubsub.pubnub.com:80 "GET /subscribe/sub-c-d17a927c-e171-11e6-802a-02ee2ddab7fe/UI/0/14936513509983041?pnsdk=PubNub-Python%2F3.8.3&uuid=486a5538-a12c-4642-a465-0dc2db06c5e1 HTTP/1.1" 200 24
