2017-05-02 10:16:02, DEBUG, Converted retries value: 1 -> Retry(total=1, connect=None, read=None, redirect=None)
2017-05-02 10:16:02, DEBUG, Converted retries value: 1 -> Retry(total=1, connect=None, read=None, redirect=None)
2017-05-02 10:16:02, DEBUG, Starting new HTTP connection (1): pubsub.pubnub.com
2017-05-02 10:16:03, DEBUG, http://pubsub.pubnub.com:80 "GET /subscribe/sub-c-d17a927c-e171-11e6-802a-02ee2ddab7fe/farmland/0/0?pnsdk=PubNub-Python%2F3.8.3&uuid=3e994a0a-426a-497e-8069-a96af05fe74c HTTP/1.1" 200 24
2017-05-02 10:16:03, INFO, CONNECTED
2017-05-02 10:20:43, DEBUG, http://pubsub.pubnub.com:80 "GET /subscribe/sub-c-d17a927c-e171-11e6-802a-02ee2ddab7fe/farmland/0/14937201625221402?pnsdk=PubNub-Python%2F3.8.3&uuid=3e994a0a-426a-497e-8069-a96af05fe74c HTTP/1.1" 200 24
2017-05-02 10:21:23, DEBUG, http://pubsub.pubnub.com:80 "GET /subscribe/sub-c-d17a927c-e171-11e6-802a-02ee2ddab7fe/farmland/0/14937201625221402?pnsdk=PubNub-Python%2F3.8.3&uuid=3e994a0a-426a-497e-8069-a96af05fe74c HTTP/1.1" 200 97
2017-05-02 10:21:23, INFO, Request: {"chain_name": "chain1", "version": "1.1", "params": [""], "method": "getaddressesbyaccount", "id": 1}
2017-05-02 10:21:23, DEBUG, Starting new HTTP connection (1): localhost
2017-05-02 10:21:23, DEBUG, http://localhost:6794 "POST / HTTP/1.1" 200 74
2017-05-02 10:21:23, INFO, Response: {u'id': 1, u'result': [u'1Q9juiFVL3sB7PvzDJAu5HVyeFehTUKngVvSDs'], u'error': None}
2017-05-02 10:21:23, INFO, Request: {"chain_name": "chain1", "version": "1.1", "params": ["1Q9juiFVL3sB7PvzDJAu5HVyeFehTUKngVvSDs", {"open": true, "name": "crop"}, 100, 1, 0, {"startdate": "2017-03-01", "enddate": "2017-04-30", "crophumidity": "10", "assetmetrics": "kgs", "croptemp": "27", "farmer": "Mark-Farmer", "asset-departuredate": "2017-05-05"}], "method": "issue", "id": 2}
2017-05-02 10:21:23, DEBUG, Starting new HTTP connection (1): localhost
2017-05-02 10:21:23, DEBUG, http://localhost:6794 "POST / HTTP/1.1" 200 98
2017-05-02 10:21:23, INFO, Response: {u'id': 2, u'result': u'2bdf4126c48239a563503df3860cd05d70a7919b66dcd499bd259e6179211b64', u'error': None}
2017-05-02 10:21:23, INFO, Request: {"chain_name": "chain1", "version": "1.1", "params": ["crop"], "method": "subscribe", "id": 3}
2017-05-02 10:21:23, DEBUG, Starting new HTTP connection (1): localhost
2017-05-02 10:21:23, DEBUG, http://localhost:6794 "POST / HTTP/1.1" 200 36
2017-05-02 10:21:23, INFO, Response: {u'id': 3, u'result': None, u'error': None}
2017-05-02 10:21:24, DEBUG, http://pubsub.pubnub.com:80 "GET /publish/pub-c-abde89c6-da51-4c04-8c2b-9c3984e1182d/sub-c-d17a927c-e171-11e6-802a-02ee2ddab7fe/0/UI/0/%7B%22messagecode%22%3A%20%22issueasset%22%2C%20%22message%22%3A%20%7B%22op-return%22%3A%20%222bdf4126c48239a563503df3860cd05d70a7919b66dcd499bd259e6179211b64%22%2C%20%22assetdescription%22%3A%20%7B%22assetname%22%3A%20%22crop%22%2C%20%22assetquantity%22%3A%20100%2C%20%22assetmetrics%22%3A%20%22kgs%22%7D%7D%2C%20%22messagetype%22%3A%20%22resp%22%7D?norep=false&pnsdk=PubNub-Python%2F3.8.3&store=1 HTTP/1.1" 200 30
2017-05-02 10:23:24, DEBUG, http://pubsub.pubnub.com:80 "GET /subscribe/sub-c-d17a927c-e171-11e6-802a-02ee2ddab7fe/farmland/0/14937204831575099?pnsdk=PubNub-Python%2F3.8.3&uuid=3e994a0a-426a-497e-8069-a96af05fe74c HTTP/1.1" 200 77
2017-05-02 10:23:24, INFO, Request: {"chain_name": "chain1", "version": "1.1", "params": [], "method": "gettotalbalances", "id": 4}
2017-05-02 10:23:24, DEBUG, Starting new HTTP connection (1): localhost
2017-05-02 10:23:24, DEBUG, http://localhost:6794 "POST / HTTP/1.1" 200 94
2017-05-02 10:23:24, INFO, Response: {u'id': 4, u'result': [{u'qty': 100.0, u'name': u'crop', u'assetref': u'60-266-57131'}], u'error': None}
2017-05-02 10:23:24, DEBUG, http://pubsub.pubnub.com:80 "GET /publish/pub-c-abde89c6-da51-4c04-8c2b-9c3984e1182d/sub-c-d17a927c-e171-11e6-802a-02ee2ddab7fe/0/UI/0/%7B%22messagecode%22%3A%20%22assetbalance%22%2C%20%22message%22%3A%20%7B%22op-return%22%3A%20%5B%7B%22qty%22%3A%20100.0%2C%20%22name%22%3A%20%22crop%22%2C%20%22assetref%22%3A%20%2260-266-57131%22%7D%5D%7D%2C%20%22messagetype%22%3A%20%22resp%22%7D?norep=false&pnsdk=PubNub-Python%2F3.8.3&store=1 HTTP/1.1" 200 30
